DEB [20180104-22:50:08.012] thr=1   paramiko.transport: starting thread (client mode): 0x50ea5198
DEB [20180104-22:50:08.014] thr=1   paramiko.transport: Local version/idstring: SSH-2.0-paramiko_2.3.1
DEB [20180104-22:50:08.156] thr=1   paramiko.transport: Remote version/idstring: SSH-2.0-OpenSSH_6.6.1p1 Ubuntu-2ubuntu2.8
INF [20180104-22:50:08.156] thr=1   paramiko.transport: Connected (version 2.0, client OpenSSH_6.6.1p1)
DEB [20180104-22:50:08.306] thr=1   paramiko.transport: kex algos:['curve25519-sha256@libssh.org', 'ecdh-sha2-nistp256', 'ecdh-sha2-nistp384', 'ecdh-sha2-nistp521', 'diffie-hellman-group-exchange-sha256', 'diffie-hellman-group-exchange-sha1', 'diffie-hellman-group14-sha1', 'diffie-hellman-group1-sha1'] server key:['ssh-rsa', 'ssh-dss', 'ecdsa-sha2-nistp256', 'ssh-ed25519'] client encrypt:['aes128-ctr', 'aes192-ctr', 'aes256-ctr', 'arcfour256', 'arcfour128', 'aes128-gcm@openssh.com', 'aes256-gcm@openssh.com', 'chacha20-poly1305@openssh.com', 'aes128-cbc', '3des-cbc', 'blowfish-cbc', 'cast128-cbc', 'aes192-cbc', 'aes256-cbc', 'arcfour', 'rijndael-cbc@lysator.liu.se'] server encrypt:['aes128-ctr', 'aes192-ctr', 'aes256-ctr', 'arcfour256', 'arcfour128', 'aes128-gcm@openssh.com', 'aes256-gcm@openssh.com', 'chacha20-poly1305@openssh.com', 'aes128-cbc', '3des-cbc', 'blowfish-cbc', 'cast128-cbc', 'aes192-cbc', 'aes256-cbc', 'arcfour', 'rijndael-cbc@lysator.liu.se'] client mac:['hmac-md5-etm@openssh.com', 'hmac-sha1-etm@openssh.com', 'umac-64-etm@openssh.com', 'umac-128-etm@openssh.com', 'hmac-sha2-256-etm@openssh.com', 'hmac-sha2-512-etm@openssh.com', 'hmac-ripemd160-etm@openssh.com', 'hmac-sha1-96-etm@openssh.com', 'hmac-md5-96-etm@openssh.com', 'hmac-md5', 'hmac-sha1', 'umac-64@openssh.com', 'umac-128@openssh.com', 'hmac-sha2-256', 'hmac-sha2-512', 'hmac-ripemd160', 'hmac-ripemd160@openssh.com', 'hmac-sha1-96', 'hmac-md5-96'] server mac:['hmac-md5-etm@openssh.com', 'hmac-sha1-etm@openssh.com', 'umac-64-etm@openssh.com', 'umac-128-etm@openssh.com', 'hmac-sha2-256-etm@openssh.com', 'hmac-sha2-512-etm@openssh.com', 'hmac-ripemd160-etm@openssh.com', 'hmac-sha1-96-etm@openssh.com', 'hmac-md5-96-etm@openssh.com', 'hmac-md5', 'hmac-sha1', 'umac-64@openssh.com', 'umac-128@openssh.com', 'hmac-sha2-256', 'hmac-sha2-512', 'hmac-ripemd160', 'hmac-ripemd160@openssh.com', 'hmac-sha1-96', 'hmac-md5-96'] client compress:['none', 'zlib@openssh.com'] server compress:['none', 'zlib@openssh.com'] client lang:[''] server lang:[''] kex follows?False
DEB [20180104-22:50:08.307] thr=1   paramiko.transport: Kex agreed: ecdh-sha2-nistp256
DEB [20180104-22:50:08.307] thr=1   paramiko.transport: HostKey agreed: ssh-ed25519
DEB [20180104-22:50:08.307] thr=1   paramiko.transport: Cipher agreed: aes128-ctr
DEB [20180104-22:50:08.307] thr=1   paramiko.transport: MAC agreed: hmac-sha2-256
DEB [20180104-22:50:08.307] thr=1   paramiko.transport: Compression agreed: none
DEB [20180104-22:50:08.456] thr=1   paramiko.transport: kex engine KexNistp256 specified hash_algo <built-in function openssl_sha256>
DEB [20180104-22:50:08.456] thr=1   paramiko.transport: Switch to new keys ...
DEB [20180104-22:50:08.457] thr=2   paramiko.transport: Adding ssh-ed25519 host key for ec2-13-112-192-203.ap-northeast-1.compute.amazonaws.com: b'6d24fb9a77e46e9a80d6a4c4726ac177'
DEB [20180104-22:50:08.457] thr=2   paramiko.transport: Trying SSH key b'6d8cadf34f0022ac4d51a9d631ded228'
DEB [20180104-22:50:08.741] thr=1   paramiko.transport: userauth is OK
INF [20180104-22:50:08.877] thr=1   paramiko.transport: Authentication (publickey) successful!
DEB [20180104-22:50:08.991] thr=3   paramiko.transport: starting thread (client mode): 0x516da358
DEB [20180104-22:50:08.992] thr=3   paramiko.transport: Local version/idstring: SSH-2.0-paramiko_2.3.1
DEB [20180104-22:50:09.110] thr=3   paramiko.transport: Remote version/idstring: SSH-2.0-OpenSSH_6.6.1p1 Ubuntu-2ubuntu2.8
INF [20180104-22:50:09.110] thr=3   paramiko.transport: Connected (version 2.0, client OpenSSH_6.6.1p1)
DEB [20180104-22:50:09.230] thr=3   paramiko.transport: kex algos:['curve25519-sha256@libssh.org', 'ecdh-sha2-nistp256', 'ecdh-sha2-nistp384', 'ecdh-sha2-nistp521', 'diffie-hellman-group-exchange-sha256', 'diffie-hellman-group-exchange-sha1', 'diffie-hellman-group14-sha1', 'diffie-hellman-group1-sha1'] server key:['ssh-rsa', 'ssh-dss', 'ecdsa-sha2-nistp256', 'ssh-ed25519'] client encrypt:['aes128-ctr', 'aes192-ctr', 'aes256-ctr', 'arcfour256', 'arcfour128', 'aes128-gcm@openssh.com', 'aes256-gcm@openssh.com', 'chacha20-poly1305@openssh.com', 'aes128-cbc', '3des-cbc', 'blowfish-cbc', 'cast128-cbc', 'aes192-cbc', 'aes256-cbc', 'arcfour', 'rijndael-cbc@lysator.liu.se'] server encrypt:['aes128-ctr', 'aes192-ctr', 'aes256-ctr', 'arcfour256', 'arcfour128', 'aes128-gcm@openssh.com', 'aes256-gcm@openssh.com', 'chacha20-poly1305@openssh.com', 'aes128-cbc', '3des-cbc', 'blowfish-cbc', 'cast128-cbc', 'aes192-cbc', 'aes256-cbc', 'arcfour', 'rijndael-cbc@lysator.liu.se'] client mac:['hmac-md5-etm@openssh.com', 'hmac-sha1-etm@openssh.com', 'umac-64-etm@openssh.com', 'umac-128-etm@openssh.com', 'hmac-sha2-256-etm@openssh.com', 'hmac-sha2-512-etm@openssh.com', 'hmac-ripemd160-etm@openssh.com', 'hmac-sha1-96-etm@openssh.com', 'hmac-md5-96-etm@openssh.com', 'hmac-md5', 'hmac-sha1', 'umac-64@openssh.com', 'umac-128@openssh.com', 'hmac-sha2-256', 'hmac-sha2-512', 'hmac-ripemd160', 'hmac-ripemd160@openssh.com', 'hmac-sha1-96', 'hmac-md5-96'] server mac:['hmac-md5-etm@openssh.com', 'hmac-sha1-etm@openssh.com', 'umac-64-etm@openssh.com', 'umac-128-etm@openssh.com', 'hmac-sha2-256-etm@openssh.com', 'hmac-sha2-512-etm@openssh.com', 'hmac-ripemd160-etm@openssh.com', 'hmac-sha1-96-etm@openssh.com', 'hmac-md5-96-etm@openssh.com', 'hmac-md5', 'hmac-sha1', 'umac-64@openssh.com', 'umac-128@openssh.com', 'hmac-sha2-256', 'hmac-sha2-512', 'hmac-ripemd160', 'hmac-ripemd160@openssh.com', 'hmac-sha1-96', 'hmac-md5-96'] client compress:['none', 'zlib@openssh.com'] server compress:['none', 'zlib@openssh.com'] client lang:[''] server lang:[''] kex follows?False
DEB [20180104-22:50:09.230] thr=3   paramiko.transport: Kex agreed: ecdh-sha2-nistp256
DEB [20180104-22:50:09.231] thr=3   paramiko.transport: HostKey agreed: ssh-ed25519
DEB [20180104-22:50:09.231] thr=3   paramiko.transport: Cipher agreed: aes128-ctr
DEB [20180104-22:50:09.231] thr=3   paramiko.transport: MAC agreed: hmac-sha2-256
DEB [20180104-22:50:09.231] thr=3   paramiko.transport: Compression agreed: none
DEB [20180104-22:50:09.370] thr=3   paramiko.transport: kex engine KexNistp256 specified hash_algo <built-in function openssl_sha256>
DEB [20180104-22:50:09.370] thr=3   paramiko.transport: Switch to new keys ...
DEB [20180104-22:50:09.371] thr=2   paramiko.transport: Attempting public-key auth...
DEB [20180104-22:50:09.672] thr=3   paramiko.transport: userauth is OK
INF [20180104-22:50:09.815] thr=3   paramiko.transport: Authentication (publickey) successful!
DEB [20180104-22:50:09.816] thr=2   paramiko.transport: [chan 0] Max packet in: 32768 bytes
DEB [20180104-22:50:10.442] thr=3   paramiko.transport: [chan 0] Max packet out: 32768 bytes
DEB [20180104-22:50:10.442] thr=3   paramiko.transport: Secsh channel 0 opened.
DEB [20180104-22:50:10.567] thr=3   paramiko.transport: [chan 0] Sesch channel 0 request ok
INF [20180104-22:50:10.699] thr=2   paramiko.transport.sftp: [chan 0] Opened sftp connection (server version 3)
DEB [20180104-22:50:10.699] thr=2   paramiko.transport.sftp: [chan 0] listdir(b'./Browser/data')
DEB [20180104-22:50:11.218] thr=2   paramiko.transport.sftp: [chan 0] remove(b'./Browser/data/\xe8\xac\x9b\xe5\xba\xa7')
DEB [20180104-22:50:11.336] thr=2   paramiko.transport.sftp: [chan 0] remove(b'./Browser/data/C_language')
DEB [20180104-22:50:11.457] thr=2   paramiko.transport.sftp: [chan 0] remove(b'./Browser/data/Js_design')
DEB [20180104-22:50:11.582] thr=2   paramiko.transport.sftp: [chan 0] remove(b'./Browser/data/\xe8\x8b\xb1\xe6\x96\x87\xe5\xa0\xb1\xe5\x91\x8a')
DEB [20180104-22:50:11.699] thr=2   paramiko.transport.sftp: [chan 0] remove(b'./Browser/data/data.txt')
DEB [20180104-22:50:11.819] thr=2   paramiko.transport.sftp: [chan 0] remove(b'./Browser/data/\xe5\xbe\x8c\xe7\xab\xaf')
DEB [20180104-22:50:11.954] thr=2   paramiko.transport.sftp: [chan 0] remove(b'./Browser/data/test')
DEB [20180104-22:50:12.077] thr=2   paramiko.transport.sftp: [chan 0] remove(b'./Browser/data/Package')
DEB [20180104-22:50:12.215] thr=2   paramiko.transport.sftp: [chan 0] open(b'./Browser/data/C', 'wb')
DEB [20180104-22:50:12.346] thr=2   paramiko.transport.sftp: [chan 0] open(b'./Browser/data/C', 'wb') -> b'00000000'
DEB [20180104-22:50:12.347] thr=2   paramiko.transport.sftp: [chan 0] close(b'00000000')
DEB [20180104-22:50:12.615] thr=2   paramiko.transport.sftp: [chan 0] stat(b'./Browser/data/C')
DEB [20180104-22:50:12.748] thr=2   paramiko.transport.sftp: [chan 0] open(b'./Browser/data/C_language', 'wb')
DEB [20180104-22:50:12.878] thr=2   paramiko.transport.sftp: [chan 0] open(b'./Browser/data/C_language', 'wb') -> b'00000000'
DEB [20180104-22:50:12.879] thr=2   paramiko.transport.sftp: [chan 0] close(b'00000000')
DEB [20180104-22:50:13.159] thr=2   paramiko.transport.sftp: [chan 0] stat(b'./Browser/data/C_language')
DEB [20180104-22:50:13.307] thr=2   paramiko.transport.sftp: [chan 0] open(b'./Browser/data/data.txt', 'wb')
DEB [20180104-22:50:13.440] thr=2   paramiko.transport.sftp: [chan 0] open(b'./Browser/data/data.txt', 'wb') -> b'00000000'
DEB [20180104-22:50:13.440] thr=2   paramiko.transport.sftp: [chan 0] close(b'00000000')
DEB [20180104-22:50:13.718] thr=2   paramiko.transport.sftp: [chan 0] stat(b'./Browser/data/data.txt')
DEB [20180104-22:50:13.866] thr=2   paramiko.transport.sftp: [chan 0] open(b'./Browser/data/Js_design', 'wb')
DEB [20180104-22:50:13.993] thr=2   paramiko.transport.sftp: [chan 0] open(b'./Browser/data/Js_design', 'wb') -> b'00000000'
DEB [20180104-22:50:13.994] thr=2   paramiko.transport.sftp: [chan 0] close(b'00000000')
DEB [20180104-22:50:14.245] thr=2   paramiko.transport.sftp: [chan 0] stat(b'./Browser/data/Js_design')
DEB [20180104-22:50:14.374] thr=2   paramiko.transport.sftp: [chan 0] open(b'./Browser/data/mousetest.txt', 'wb')
DEB [20180104-22:50:14.512] thr=2   paramiko.transport.sftp: [chan 0] open(b'./Browser/data/mousetest.txt', 'wb') -> b'00000000'
DEB [20180104-22:50:14.513] thr=2   paramiko.transport.sftp: [chan 0] close(b'00000000')
DEB [20180104-22:50:14.770] thr=2   paramiko.transport.sftp: [chan 0] stat(b'./Browser/data/mousetest.txt')
DEB [20180104-22:50:14.897] thr=2   paramiko.transport.sftp: [chan 0] open(b'./Browser/data/Package', 'wb')
DEB [20180104-22:50:15.018] thr=2   paramiko.transport.sftp: [chan 0] open(b'./Browser/data/Package', 'wb') -> b'00000000'
DEB [20180104-22:50:15.018] thr=2   paramiko.transport.sftp: [chan 0] close(b'00000000')
DEB [20180104-22:50:15.281] thr=2   paramiko.transport.sftp: [chan 0] stat(b'./Browser/data/Package')
DEB [20180104-22:50:15.423] thr=2   paramiko.transport.sftp: [chan 0] open(b'./Browser/data/test', 'wb')
DEB [20180104-22:50:15.577] thr=2   paramiko.transport.sftp: [chan 0] open(b'./Browser/data/test', 'wb') -> b'00000000'
DEB [20180104-22:50:15.577] thr=2   paramiko.transport.sftp: [chan 0] close(b'00000000')
DEB [20180104-22:50:15.842] thr=2   paramiko.transport.sftp: [chan 0] stat(b'./Browser/data/test')
DEB [20180104-22:50:15.959] thr=2   paramiko.transport.sftp: [chan 0] open(b'./Browser/data/\xe5\xbe\x8c\xe7\xab\xaf', 'wb')
DEB [20180104-22:50:16.075] thr=2   paramiko.transport.sftp: [chan 0] open(b'./Browser/data/\xe5\xbe\x8c\xe7\xab\xaf', 'wb') -> b'00000000'
DEB [20180104-22:50:16.075] thr=2   paramiko.transport.sftp: [chan 0] close(b'00000000')
DEB [20180104-22:50:16.335] thr=2   paramiko.transport.sftp: [chan 0] stat(b'./Browser/data/\xe5\xbe\x8c\xe7\xab\xaf')
DEB [20180104-22:50:16.529] thr=2   paramiko.transport.sftp: [chan 0] open(b'./Browser/data/\xe8\x8b\xb1\xe6\x96\x87\xe5\xa0\xb1\xe5\x91\x8a', 'wb')
DEB [20180104-22:50:16.666] thr=2   paramiko.transport.sftp: [chan 0] open(b'./Browser/data/\xe8\x8b\xb1\xe6\x96\x87\xe5\xa0\xb1\xe5\x91\x8a', 'wb') -> b'00000000'
DEB [20180104-22:50:16.667] thr=2   paramiko.transport.sftp: [chan 0] close(b'00000000')
DEB [20180104-22:50:16.936] thr=2   paramiko.transport.sftp: [chan 0] stat(b'./Browser/data/\xe8\x8b\xb1\xe6\x96\x87\xe5\xa0\xb1\xe5\x91\x8a')
DEB [20180104-22:50:17.064] thr=2   paramiko.transport.sftp: [chan 0] open(b'./Browser/data/\xe8\xac\x9b\xe5\xba\xa7', 'wb')
DEB [20180104-22:50:17.193] thr=2   paramiko.transport.sftp: [chan 0] open(b'./Browser/data/\xe8\xac\x9b\xe5\xba\xa7', 'wb') -> b'00000000'
DEB [20180104-22:50:17.193] thr=2   paramiko.transport.sftp: [chan 0] close(b'00000000')
DEB [20180104-22:50:17.446] thr=2   paramiko.transport.sftp: [chan 0] stat(b'./Browser/data/\xe8\xac\x9b\xe5\xba\xa7')
INF [20180104-22:50:17.571] thr=2   paramiko.transport.sftp: [chan 0] sftp session closed.
DEB [20180104-22:50:17.571] thr=2   paramiko.transport: [chan 0] EOF sent (0)
DEB [20180104-22:50:17.572] thr=1   paramiko.transport: EOF in transport thread
DEB [20180104-22:50:17.690] thr=3   paramiko.transport: [chan 0] EOF received (0)
DEB [20180104-22:51:27.161] thr=1   paramiko.transport: starting thread (client mode): 0xd38c5198
DEB [20180104-22:51:27.161] thr=1   paramiko.transport: Local version/idstring: SSH-2.0-paramiko_2.3.1
DEB [20180104-22:51:27.303] thr=1   paramiko.transport: Remote version/idstring: SSH-2.0-OpenSSH_6.6.1p1 Ubuntu-2ubuntu2.8
INF [20180104-22:51:27.303] thr=1   paramiko.transport: Connected (version 2.0, client OpenSSH_6.6.1p1)
DEB [20180104-22:51:27.442] thr=1   paramiko.transport: kex algos:['curve25519-sha256@libssh.org', 'ecdh-sha2-nistp256', 'ecdh-sha2-nistp384', 'ecdh-sha2-nistp521', 'diffie-hellman-group-exchange-sha256', 'diffie-hellman-group-exchange-sha1', 'diffie-hellman-group14-sha1', 'diffie-hellman-group1-sha1'] server key:['ssh-rsa', 'ssh-dss', 'ecdsa-sha2-nistp256', 'ssh-ed25519'] client encrypt:['aes128-ctr', 'aes192-ctr', 'aes256-ctr', 'arcfour256', 'arcfour128', 'aes128-gcm@openssh.com', 'aes256-gcm@openssh.com', 'chacha20-poly1305@openssh.com', 'aes128-cbc', '3des-cbc', 'blowfish-cbc', 'cast128-cbc', 'aes192-cbc', 'aes256-cbc', 'arcfour', 'rijndael-cbc@lysator.liu.se'] server encrypt:['aes128-ctr', 'aes192-ctr', 'aes256-ctr', 'arcfour256', 'arcfour128', 'aes128-gcm@openssh.com', 'aes256-gcm@openssh.com', 'chacha20-poly1305@openssh.com', 'aes128-cbc', '3des-cbc', 'blowfish-cbc', 'cast128-cbc', 'aes192-cbc', 'aes256-cbc', 'arcfour', 'rijndael-cbc@lysator.liu.se'] client mac:['hmac-md5-etm@openssh.com', 'hmac-sha1-etm@openssh.com', 'umac-64-etm@openssh.com', 'umac-128-etm@openssh.com', 'hmac-sha2-256-etm@openssh.com', 'hmac-sha2-512-etm@openssh.com', 'hmac-ripemd160-etm@openssh.com', 'hmac-sha1-96-etm@openssh.com', 'hmac-md5-96-etm@openssh.com', 'hmac-md5', 'hmac-sha1', 'umac-64@openssh.com', 'umac-128@openssh.com', 'hmac-sha2-256', 'hmac-sha2-512', 'hmac-ripemd160', 'hmac-ripemd160@openssh.com', 'hmac-sha1-96', 'hmac-md5-96'] server mac:['hmac-md5-etm@openssh.com', 'hmac-sha1-etm@openssh.com', 'umac-64-etm@openssh.com', 'umac-128-etm@openssh.com', 'hmac-sha2-256-etm@openssh.com', 'hmac-sha2-512-etm@openssh.com', 'hmac-ripemd160-etm@openssh.com', 'hmac-sha1-96-etm@openssh.com', 'hmac-md5-96-etm@openssh.com', 'hmac-md5', 'hmac-sha1', 'umac-64@openssh.com', 'umac-128@openssh.com', 'hmac-sha2-256', 'hmac-sha2-512', 'hmac-ripemd160', 'hmac-ripemd160@openssh.com', 'hmac-sha1-96', 'hmac-md5-96'] client compress:['none', 'zlib@openssh.com'] server compress:['none', 'zlib@openssh.com'] client lang:[''] server lang:[''] kex follows?False
DEB [20180104-22:51:27.442] thr=1   paramiko.transport: Kex agreed: ecdh-sha2-nistp256
DEB [20180104-22:51:27.442] thr=1   paramiko.transport: HostKey agreed: ssh-ed25519
DEB [20180104-22:51:27.442] thr=1   paramiko.transport: Cipher agreed: aes128-ctr
DEB [20180104-22:51:27.442] thr=1   paramiko.transport: MAC agreed: hmac-sha2-256
DEB [20180104-22:51:27.443] thr=1   paramiko.transport: Compression agreed: none
DEB [20180104-22:51:27.594] thr=1   paramiko.transport: kex engine KexNistp256 specified hash_algo <built-in function openssl_sha256>
DEB [20180104-22:51:27.595] thr=1   paramiko.transport: Switch to new keys ...
DEB [20180104-22:51:27.595] thr=2   paramiko.transport: Adding ssh-ed25519 host key for ec2-13-112-192-203.ap-northeast-1.compute.amazonaws.com: b'6d24fb9a77e46e9a80d6a4c4726ac177'
DEB [20180104-22:51:27.596] thr=2   paramiko.transport: Trying SSH key b'6d8cadf34f0022ac4d51a9d631ded228'
DEB [20180104-22:51:27.896] thr=1   paramiko.transport: userauth is OK
INF [20180104-22:51:28.276] thr=1   paramiko.transport: Authentication (publickey) successful!
DEB [20180104-22:51:28.277] thr=2   paramiko.transport: [chan 0] Max packet in: 32768 bytes
DEB [20180104-22:51:28.499] thr=1   paramiko.transport: [chan 0] Max packet out: 32768 bytes
DEB [20180104-22:51:28.499] thr=1   paramiko.transport: Secsh channel 0 opened.
DEB [20180104-22:51:28.633] thr=1   paramiko.transport: [chan 0] Sesch channel 0 request ok
DEB [20180104-22:51:29.027] thr=1   paramiko.transport: [chan 0] EOF received (0)
DEB [20180104-22:51:29.028] thr=1   paramiko.transport: [chan 0] EOF sent (0)
DEB [20180104-22:51:29.030] thr=1   paramiko.transport: EOF in transport thread
DEB [20180104-22:52:11.478] thr=3   paramiko.transport: starting thread (client mode): 0xd3cbd2b0
DEB [20180104-22:52:11.479] thr=3   paramiko.transport: Local version/idstring: SSH-2.0-paramiko_2.3.1
DEB [20180104-22:52:11.624] thr=3   paramiko.transport: Remote version/idstring: SSH-2.0-OpenSSH_6.6.1p1 Ubuntu-2ubuntu2.8
INF [20180104-22:52:11.624] thr=3   paramiko.transport: Connected (version 2.0, client OpenSSH_6.6.1p1)
DEB [20180104-22:52:11.759] thr=3   paramiko.transport: kex algos:['curve25519-sha256@libssh.org', 'ecdh-sha2-nistp256', 'ecdh-sha2-nistp384', 'ecdh-sha2-nistp521', 'diffie-hellman-group-exchange-sha256', 'diffie-hellman-group-exchange-sha1', 'diffie-hellman-group14-sha1', 'diffie-hellman-group1-sha1'] server key:['ssh-rsa', 'ssh-dss', 'ecdsa-sha2-nistp256', 'ssh-ed25519'] client encrypt:['aes128-ctr', 'aes192-ctr', 'aes256-ctr', 'arcfour256', 'arcfour128', 'aes128-gcm@openssh.com', 'aes256-gcm@openssh.com', 'chacha20-poly1305@openssh.com', 'aes128-cbc', '3des-cbc', 'blowfish-cbc', 'cast128-cbc', 'aes192-cbc', 'aes256-cbc', 'arcfour', 'rijndael-cbc@lysator.liu.se'] server encrypt:['aes128-ctr', 'aes192-ctr', 'aes256-ctr', 'arcfour256', 'arcfour128', 'aes128-gcm@openssh.com', 'aes256-gcm@openssh.com', 'chacha20-poly1305@openssh.com', 'aes128-cbc', '3des-cbc', 'blowfish-cbc', 'cast128-cbc', 'aes192-cbc', 'aes256-cbc', 'arcfour', 'rijndael-cbc@lysator.liu.se'] client mac:['hmac-md5-etm@openssh.com', 'hmac-sha1-etm@openssh.com', 'umac-64-etm@openssh.com', 'umac-128-etm@openssh.com', 'hmac-sha2-256-etm@openssh.com', 'hmac-sha2-512-etm@openssh.com', 'hmac-ripemd160-etm@openssh.com', 'hmac-sha1-96-etm@openssh.com', 'hmac-md5-96-etm@openssh.com', 'hmac-md5', 'hmac-sha1', 'umac-64@openssh.com', 'umac-128@openssh.com', 'hmac-sha2-256', 'hmac-sha2-512', 'hmac-ripemd160', 'hmac-ripemd160@openssh.com', 'hmac-sha1-96', 'hmac-md5-96'] server mac:['hmac-md5-etm@openssh.com', 'hmac-sha1-etm@openssh.com', 'umac-64-etm@openssh.com', 'umac-128-etm@openssh.com', 'hmac-sha2-256-etm@openssh.com', 'hmac-sha2-512-etm@openssh.com', 'hmac-ripemd160-etm@openssh.com', 'hmac-sha1-96-etm@openssh.com', 'hmac-md5-96-etm@openssh.com', 'hmac-md5', 'hmac-sha1', 'umac-64@openssh.com', 'umac-128@openssh.com', 'hmac-sha2-256', 'hmac-sha2-512', 'hmac-ripemd160', 'hmac-ripemd160@openssh.com', 'hmac-sha1-96', 'hmac-md5-96'] client compress:['none', 'zlib@openssh.com'] server compress:['none', 'zlib@openssh.com'] client lang:[''] server lang:[''] kex follows?False
DEB [20180104-22:52:11.759] thr=3   paramiko.transport: Kex agreed: ecdh-sha2-nistp256
DEB [20180104-22:52:11.759] thr=3   paramiko.transport: HostKey agreed: ssh-ed25519
DEB [20180104-22:52:11.759] thr=3   paramiko.transport: Cipher agreed: aes128-ctr
DEB [20180104-22:52:11.759] thr=3   paramiko.transport: MAC agreed: hmac-sha2-256
DEB [20180104-22:52:11.759] thr=3   paramiko.transport: Compression agreed: none
DEB [20180104-22:52:11.912] thr=3   paramiko.transport: kex engine KexNistp256 specified hash_algo <built-in function openssl_sha256>
DEB [20180104-22:52:11.912] thr=3   paramiko.transport: Switch to new keys ...
DEB [20180104-22:52:11.913] thr=2   paramiko.transport: Adding ssh-ed25519 host key for ec2-13-112-192-203.ap-northeast-1.compute.amazonaws.com: b'6d24fb9a77e46e9a80d6a4c4726ac177'
DEB [20180104-22:52:11.913] thr=2   paramiko.transport: Trying SSH key b'6d8cadf34f0022ac4d51a9d631ded228'
DEB [20180104-22:52:12.222] thr=3   paramiko.transport: userauth is OK
INF [20180104-22:52:12.349] thr=3   paramiko.transport: Authentication (publickey) successful!
DEB [20180104-22:52:12.480] thr=4   paramiko.transport: starting thread (client mode): 0xd3cdc3c8
DEB [20180104-22:52:12.481] thr=4   paramiko.transport: Local version/idstring: SSH-2.0-paramiko_2.3.1
DEB [20180104-22:52:12.617] thr=4   paramiko.transport: Remote version/idstring: SSH-2.0-OpenSSH_6.6.1p1 Ubuntu-2ubuntu2.8
INF [20180104-22:52:12.617] thr=4   paramiko.transport: Connected (version 2.0, client OpenSSH_6.6.1p1)
DEB [20180104-22:52:12.753] thr=4   paramiko.transport: kex algos:['curve25519-sha256@libssh.org', 'ecdh-sha2-nistp256', 'ecdh-sha2-nistp384', 'ecdh-sha2-nistp521', 'diffie-hellman-group-exchange-sha256', 'diffie-hellman-group-exchange-sha1', 'diffie-hellman-group14-sha1', 'diffie-hellman-group1-sha1'] server key:['ssh-rsa', 'ssh-dss', 'ecdsa-sha2-nistp256', 'ssh-ed25519'] client encrypt:['aes128-ctr', 'aes192-ctr', 'aes256-ctr', 'arcfour256', 'arcfour128', 'aes128-gcm@openssh.com', 'aes256-gcm@openssh.com', 'chacha20-poly1305@openssh.com', 'aes128-cbc', '3des-cbc', 'blowfish-cbc', 'cast128-cbc', 'aes192-cbc', 'aes256-cbc', 'arcfour', 'rijndael-cbc@lysator.liu.se'] server encrypt:['aes128-ctr', 'aes192-ctr', 'aes256-ctr', 'arcfour256', 'arcfour128', 'aes128-gcm@openssh.com', 'aes256-gcm@openssh.com', 'chacha20-poly1305@openssh.com', 'aes128-cbc', '3des-cbc', 'blowfish-cbc', 'cast128-cbc', 'aes192-cbc', 'aes256-cbc', 'arcfour', 'rijndael-cbc@lysator.liu.se'] client mac:['hmac-md5-etm@openssh.com', 'hmac-sha1-etm@openssh.com', 'umac-64-etm@openssh.com', 'umac-128-etm@openssh.com', 'hmac-sha2-256-etm@openssh.com', 'hmac-sha2-512-etm@openssh.com', 'hmac-ripemd160-etm@openssh.com', 'hmac-sha1-96-etm@openssh.com', 'hmac-md5-96-etm@openssh.com', 'hmac-md5', 'hmac-sha1', 'umac-64@openssh.com', 'umac-128@openssh.com', 'hmac-sha2-256', 'hmac-sha2-512', 'hmac-ripemd160', 'hmac-ripemd160@openssh.com', 'hmac-sha1-96', 'hmac-md5-96'] server mac:['hmac-md5-etm@openssh.com', 'hmac-sha1-etm@openssh.com', 'umac-64-etm@openssh.com', 'umac-128-etm@openssh.com', 'hmac-sha2-256-etm@openssh.com', 'hmac-sha2-512-etm@openssh.com', 'hmac-ripemd160-etm@openssh.com', 'hmac-sha1-96-etm@openssh.com', 'hmac-md5-96-etm@openssh.com', 'hmac-md5', 'hmac-sha1', 'umac-64@openssh.com', 'umac-128@openssh.com', 'hmac-sha2-256', 'hmac-sha2-512', 'hmac-ripemd160', 'hmac-ripemd160@openssh.com', 'hmac-sha1-96', 'hmac-md5-96'] client compress:['none', 'zlib@openssh.com'] server compress:['none', 'zlib@openssh.com'] client lang:[''] server lang:[''] kex follows?False
DEB [20180104-22:52:12.753] thr=4   paramiko.transport: Kex agreed: ecdh-sha2-nistp256
DEB [20180104-22:52:12.753] thr=4   paramiko.transport: HostKey agreed: ssh-ed25519
DEB [20180104-22:52:12.753] thr=4   paramiko.transport: Cipher agreed: aes128-ctr
DEB [20180104-22:52:12.753] thr=4   paramiko.transport: MAC agreed: hmac-sha2-256
DEB [20180104-22:52:12.754] thr=4   paramiko.transport: Compression agreed: none
DEB [20180104-22:52:12.946] thr=4   paramiko.transport: kex engine KexNistp256 specified hash_algo <built-in function openssl_sha256>
DEB [20180104-22:52:12.946] thr=4   paramiko.transport: Switch to new keys ...
DEB [20180104-22:52:12.947] thr=2   paramiko.transport: Attempting public-key auth...
DEB [20180104-22:52:13.275] thr=4   paramiko.transport: userauth is OK
INF [20180104-22:52:13.420] thr=4   paramiko.transport: Authentication (publickey) successful!
DEB [20180104-22:52:13.420] thr=2   paramiko.transport: [chan 0] Max packet in: 32768 bytes
DEB [20180104-22:52:13.653] thr=4   paramiko.transport: [chan 0] Max packet out: 32768 bytes
DEB [20180104-22:52:13.653] thr=4   paramiko.transport: Secsh channel 0 opened.
DEB [20180104-22:52:13.790] thr=4   paramiko.transport: [chan 0] Sesch channel 0 request ok
INF [20180104-22:52:13.925] thr=2   paramiko.transport.sftp: [chan 0] Opened sftp connection (server version 3)
DEB [20180104-22:52:13.925] thr=2   paramiko.transport.sftp: [chan 0] listdir(b'./Browser/data')
DEB [20180104-22:52:14.474] thr=2   paramiko.transport.sftp: [chan 0] remove(b'./Browser/data/\xe8\xac\x9b\xe5\xba\xa7')
DEB [20180104-22:52:14.622] thr=2   paramiko.transport.sftp: [chan 0] remove(b'./Browser/data/C_language')
DEB [20180104-22:52:14.769] thr=2   paramiko.transport.sftp: [chan 0] remove(b'./Browser/data/Js_design')
DEB [20180104-22:52:14.905] thr=2   paramiko.transport.sftp: [chan 0] remove(b'./Browser/data/\xe8\x8b\xb1\xe6\x96\x87\xe5\xa0\xb1\xe5\x91\x8a')
DEB [20180104-22:52:15.035] thr=2   paramiko.transport.sftp: [chan 0] remove(b'./Browser/data/mousetest.txt')
DEB [20180104-22:52:15.174] thr=2   paramiko.transport.sftp: [chan 0] remove(b'./Browser/data/C')
DEB [20180104-22:52:15.309] thr=2   paramiko.transport.sftp: [chan 0] remove(b'./Browser/data/data.txt')
DEB [20180104-22:52:15.455] thr=2   paramiko.transport.sftp: [chan 0] remove(b'./Browser/data/\xe5\xbe\x8c\xe7\xab\xaf')
DEB [20180104-22:52:15.603] thr=2   paramiko.transport.sftp: [chan 0] remove(b'./Browser/data/test')
DEB [20180104-22:52:15.742] thr=2   paramiko.transport.sftp: [chan 0] remove(b'./Browser/data/Package')
DEB [20180104-22:52:15.881] thr=2   paramiko.transport.sftp: [chan 0] open(b'./Browser/data/C', 'wb')
DEB [20180104-22:52:16.027] thr=2   paramiko.transport.sftp: [chan 0] open(b'./Browser/data/C', 'wb') -> b'00000000'
DEB [20180104-22:52:16.027] thr=2   paramiko.transport.sftp: [chan 0] close(b'00000000')
DEB [20180104-22:52:16.301] thr=2   paramiko.transport.sftp: [chan 0] stat(b'./Browser/data/C')
DEB [20180104-22:52:16.438] thr=2   paramiko.transport.sftp: [chan 0] open(b'./Browser/data/C_language', 'wb')
DEB [20180104-22:52:16.567] thr=2   paramiko.transport.sftp: [chan 0] open(b'./Browser/data/C_language', 'wb') -> b'00000000'
DEB [20180104-22:52:16.568] thr=2   paramiko.transport.sftp: [chan 0] close(b'00000000')
DEB [20180104-22:52:16.852] thr=2   paramiko.transport.sftp: [chan 0] stat(b'./Browser/data/C_language')
DEB [20180104-22:52:16.997] thr=2   paramiko.transport.sftp: [chan 0] open(b'./Browser/data/data.txt', 'wb')
DEB [20180104-22:52:17.138] thr=2   paramiko.transport.sftp: [chan 0] open(b'./Browser/data/data.txt', 'wb') -> b'00000000'
DEB [20180104-22:52:17.139] thr=2   paramiko.transport.sftp: [chan 0] close(b'00000000')
DEB [20180104-22:52:17.406] thr=2   paramiko.transport.sftp: [chan 0] stat(b'./Browser/data/data.txt')
DEB [20180104-22:52:17.541] thr=2   paramiko.transport.sftp: [chan 0] open(b'./Browser/data/Js_design', 'wb')
DEB [20180104-22:52:17.688] thr=2   paramiko.transport.sftp: [chan 0] open(b'./Browser/data/Js_design', 'wb') -> b'00000000'
DEB [20180104-22:52:17.689] thr=2   paramiko.transport.sftp: [chan 0] close(b'00000000')
DEB [20180104-22:52:17.971] thr=2   paramiko.transport.sftp: [chan 0] stat(b'./Browser/data/Js_design')
DEB [20180104-22:52:18.098] thr=2   paramiko.transport.sftp: [chan 0] open(b'./Browser/data/mousetest.txt', 'wb')
DEB [20180104-22:52:18.228] thr=2   paramiko.transport.sftp: [chan 0] open(b'./Browser/data/mousetest.txt', 'wb') -> b'00000000'
DEB [20180104-22:52:18.229] thr=2   paramiko.transport.sftp: [chan 0] close(b'00000000')
DEB [20180104-22:52:18.525] thr=2   paramiko.transport.sftp: [chan 0] stat(b'./Browser/data/mousetest.txt')
DEB [20180104-22:52:18.656] thr=2   paramiko.transport.sftp: [chan 0] open(b'./Browser/data/Package', 'wb')
DEB [20180104-22:52:18.783] thr=2   paramiko.transport.sftp: [chan 0] open(b'./Browser/data/Package', 'wb') -> b'00000000'
DEB [20180104-22:52:18.783] thr=2   paramiko.transport.sftp: [chan 0] close(b'00000000')
DEB [20180104-22:52:19.077] thr=2   paramiko.transport.sftp: [chan 0] stat(b'./Browser/data/Package')
DEB [20180104-22:52:19.221] thr=2   paramiko.transport.sftp: [chan 0] open(b'./Browser/data/test', 'wb')
DEB [20180104-22:52:19.371] thr=2   paramiko.transport.sftp: [chan 0] open(b'./Browser/data/test', 'wb') -> b'00000000'
DEB [20180104-22:52:19.371] thr=2   paramiko.transport.sftp: [chan 0] close(b'00000000')
DEB [20180104-22:52:19.683] thr=2   paramiko.transport.sftp: [chan 0] stat(b'./Browser/data/test')
DEB [20180104-22:52:19.847] thr=2   paramiko.transport.sftp: [chan 0] open(b'./Browser/data/\xe5\xbe\x8c\xe7\xab\xaf', 'wb')
DEB [20180104-22:52:19.993] thr=2   paramiko.transport.sftp: [chan 0] open(b'./Browser/data/\xe5\xbe\x8c\xe7\xab\xaf', 'wb') -> b'00000000'
DEB [20180104-22:52:19.993] thr=2   paramiko.transport.sftp: [chan 0] close(b'00000000')
DEB [20180104-22:52:20.272] thr=2   paramiko.transport.sftp: [chan 0] stat(b'./Browser/data/\xe5\xbe\x8c\xe7\xab\xaf')
DEB [20180104-22:52:20.418] thr=2   paramiko.transport.sftp: [chan 0] open(b'./Browser/data/\xe8\x8b\xb1\xe6\x96\x87\xe5\xa0\xb1\xe5\x91\x8a', 'wb')
DEB [20180104-22:52:20.561] thr=2   paramiko.transport.sftp: [chan 0] open(b'./Browser/data/\xe8\x8b\xb1\xe6\x96\x87\xe5\xa0\xb1\xe5\x91\x8a', 'wb') -> b'00000000'
DEB [20180104-22:52:20.561] thr=2   paramiko.transport.sftp: [chan 0] close(b'00000000')
DEB [20180104-22:52:20.831] thr=2   paramiko.transport.sftp: [chan 0] stat(b'./Browser/data/\xe8\x8b\xb1\xe6\x96\x87\xe5\xa0\xb1\xe5\x91\x8a')
DEB [20180104-22:52:20.974] thr=2   paramiko.transport.sftp: [chan 0] open(b'./Browser/data/\xe8\xac\x9b\xe5\xba\xa7', 'wb')
DEB [20180104-22:52:21.120] thr=2   paramiko.transport.sftp: [chan 0] open(b'./Browser/data/\xe8\xac\x9b\xe5\xba\xa7', 'wb') -> b'00000000'
DEB [20180104-22:52:21.120] thr=2   paramiko.transport.sftp: [chan 0] close(b'00000000')
DEB [20180104-22:52:21.415] thr=2   paramiko.transport.sftp: [chan 0] stat(b'./Browser/data/\xe8\xac\x9b\xe5\xba\xa7')
INF [20180104-22:52:21.562] thr=2   paramiko.transport.sftp: [chan 0] sftp session closed.
DEB [20180104-22:52:21.562] thr=2   paramiko.transport: [chan 0] EOF sent (0)
DEB [20180104-22:52:21.563] thr=3   paramiko.transport: EOF in transport thread
DEB [20180104-22:52:21.724] thr=4   paramiko.transport: [chan 0] EOF received (0)
DEB [20180104-22:52:23.068] thr=5   paramiko.transport: starting thread (client mode): 0xd17e2c18
DEB [20180104-22:52:23.068] thr=5   paramiko.transport: Local version/idstring: SSH-2.0-paramiko_2.3.1
DEB [20180104-22:52:23.215] thr=5   paramiko.transport: Remote version/idstring: SSH-2.0-OpenSSH_6.6.1p1 Ubuntu-2ubuntu2.8
INF [20180104-22:52:23.215] thr=5   paramiko.transport: Connected (version 2.0, client OpenSSH_6.6.1p1)
DEB [20180104-22:52:23.329] thr=5   paramiko.transport: kex algos:['curve25519-sha256@libssh.org', 'ecdh-sha2-nistp256', 'ecdh-sha2-nistp384', 'ecdh-sha2-nistp521', 'diffie-hellman-group-exchange-sha256', 'diffie-hellman-group-exchange-sha1', 'diffie-hellman-group14-sha1', 'diffie-hellman-group1-sha1'] server key:['ssh-rsa', 'ssh-dss', 'ecdsa-sha2-nistp256', 'ssh-ed25519'] client encrypt:['aes128-ctr', 'aes192-ctr', 'aes256-ctr', 'arcfour256', 'arcfour128', 'aes128-gcm@openssh.com', 'aes256-gcm@openssh.com', 'chacha20-poly1305@openssh.com', 'aes128-cbc', '3des-cbc', 'blowfish-cbc', 'cast128-cbc', 'aes192-cbc', 'aes256-cbc', 'arcfour', 'rijndael-cbc@lysator.liu.se'] server encrypt:['aes128-ctr', 'aes192-ctr', 'aes256-ctr', 'arcfour256', 'arcfour128', 'aes128-gcm@openssh.com', 'aes256-gcm@openssh.com', 'chacha20-poly1305@openssh.com', 'aes128-cbc', '3des-cbc', 'blowfish-cbc', 'cast128-cbc', 'aes192-cbc', 'aes256-cbc', 'arcfour', 'rijndael-cbc@lysator.liu.se'] client mac:['hmac-md5-etm@openssh.com', 'hmac-sha1-etm@openssh.com', 'umac-64-etm@openssh.com', 'umac-128-etm@openssh.com', 'hmac-sha2-256-etm@openssh.com', 'hmac-sha2-512-etm@openssh.com', 'hmac-ripemd160-etm@openssh.com', 'hmac-sha1-96-etm@openssh.com', 'hmac-md5-96-etm@openssh.com', 'hmac-md5', 'hmac-sha1', 'umac-64@openssh.com', 'umac-128@openssh.com', 'hmac-sha2-256', 'hmac-sha2-512', 'hmac-ripemd160', 'hmac-ripemd160@openssh.com', 'hmac-sha1-96', 'hmac-md5-96'] server mac:['hmac-md5-etm@openssh.com', 'hmac-sha1-etm@openssh.com', 'umac-64-etm@openssh.com', 'umac-128-etm@openssh.com', 'hmac-sha2-256-etm@openssh.com', 'hmac-sha2-512-etm@openssh.com', 'hmac-ripemd160-etm@openssh.com', 'hmac-sha1-96-etm@openssh.com', 'hmac-md5-96-etm@openssh.com', 'hmac-md5', 'hmac-sha1', 'umac-64@openssh.com', 'umac-128@openssh.com', 'hmac-sha2-256', 'hmac-sha2-512', 'hmac-ripemd160', 'hmac-ripemd160@openssh.com', 'hmac-sha1-96', 'hmac-md5-96'] client compress:['none', 'zlib@openssh.com'] server compress:['none', 'zlib@openssh.com'] client lang:[''] server lang:[''] kex follows?False
DEB [20180104-22:52:23.330] thr=5   paramiko.transport: Kex agreed: ecdh-sha2-nistp256
DEB [20180104-22:52:23.330] thr=5   paramiko.transport: HostKey agreed: ssh-ed25519
DEB [20180104-22:52:23.330] thr=5   paramiko.transport: Cipher agreed: aes128-ctr
DEB [20180104-22:52:23.330] thr=5   paramiko.transport: MAC agreed: hmac-sha2-256
DEB [20180104-22:52:23.330] thr=5   paramiko.transport: Compression agreed: none
DEB [20180104-22:52:23.479] thr=5   paramiko.transport: kex engine KexNistp256 specified hash_algo <built-in function openssl_sha256>
DEB [20180104-22:52:23.480] thr=5   paramiko.transport: Switch to new keys ...
DEB [20180104-22:52:23.480] thr=2   paramiko.transport: Adding ssh-ed25519 host key for ec2-13-112-192-203.ap-northeast-1.compute.amazonaws.com: b'6d24fb9a77e46e9a80d6a4c4726ac177'
DEB [20180104-22:52:23.480] thr=2   paramiko.transport: Trying SSH key b'6d8cadf34f0022ac4d51a9d631ded228'
DEB [20180104-22:52:23.788] thr=5   paramiko.transport: userauth is OK
INF [20180104-22:52:23.938] thr=5   paramiko.transport: Authentication (publickey) successful!
DEB [20180104-22:52:23.939] thr=2   paramiko.transport: [chan 0] Max packet in: 32768 bytes
DEB [20180104-22:52:24.167] thr=5   paramiko.transport: [chan 0] Max packet out: 32768 bytes
DEB [20180104-22:52:24.167] thr=5   paramiko.transport: Secsh channel 0 opened.
DEB [20180104-22:52:24.310] thr=5   paramiko.transport: [chan 0] Sesch channel 0 request ok
DEB [20180104-22:52:24.699] thr=5   paramiko.transport: [chan 0] EOF received (0)
DEB [20180104-22:52:24.699] thr=5   paramiko.transport: [chan 0] EOF sent (0)
DEB [20180104-22:52:24.701] thr=5   paramiko.transport: EOF in transport thread
DEB [20180104-22:53:40.741] thr=6   paramiko.transport: starting thread (client mode): 0xd3ce3a20
DEB [20180104-22:53:40.742] thr=6   paramiko.transport: Local version/idstring: SSH-2.0-paramiko_2.3.1
DEB [20180104-22:53:40.867] thr=6   paramiko.transport: Remote version/idstring: SSH-2.0-OpenSSH_6.6.1p1 Ubuntu-2ubuntu2.8
INF [20180104-22:53:40.868] thr=6   paramiko.transport: Connected (version 2.0, client OpenSSH_6.6.1p1)
DEB [20180104-22:53:41.002] thr=6   paramiko.transport: kex algos:['curve25519-sha256@libssh.org', 'ecdh-sha2-nistp256', 'ecdh-sha2-nistp384', 'ecdh-sha2-nistp521', 'diffie-hellman-group-exchange-sha256', 'diffie-hellman-group-exchange-sha1', 'diffie-hellman-group14-sha1', 'diffie-hellman-group1-sha1'] server key:['ssh-rsa', 'ssh-dss', 'ecdsa-sha2-nistp256', 'ssh-ed25519'] client encrypt:['aes128-ctr', 'aes192-ctr', 'aes256-ctr', 'arcfour256', 'arcfour128', 'aes128-gcm@openssh.com', 'aes256-gcm@openssh.com', 'chacha20-poly1305@openssh.com', 'aes128-cbc', '3des-cbc', 'blowfish-cbc', 'cast128-cbc', 'aes192-cbc', 'aes256-cbc', 'arcfour', 'rijndael-cbc@lysator.liu.se'] server encrypt:['aes128-ctr', 'aes192-ctr', 'aes256-ctr', 'arcfour256', 'arcfour128', 'aes128-gcm@openssh.com', 'aes256-gcm@openssh.com', 'chacha20-poly1305@openssh.com', 'aes128-cbc', '3des-cbc', 'blowfish-cbc', 'cast128-cbc', 'aes192-cbc', 'aes256-cbc', 'arcfour', 'rijndael-cbc@lysator.liu.se'] client mac:['hmac-md5-etm@openssh.com', 'hmac-sha1-etm@openssh.com', 'umac-64-etm@openssh.com', 'umac-128-etm@openssh.com', 'hmac-sha2-256-etm@openssh.com', 'hmac-sha2-512-etm@openssh.com', 'hmac-ripemd160-etm@openssh.com', 'hmac-sha1-96-etm@openssh.com', 'hmac-md5-96-etm@openssh.com', 'hmac-md5', 'hmac-sha1', 'umac-64@openssh.com', 'umac-128@openssh.com', 'hmac-sha2-256', 'hmac-sha2-512', 'hmac-ripemd160', 'hmac-ripemd160@openssh.com', 'hmac-sha1-96', 'hmac-md5-96'] server mac:['hmac-md5-etm@openssh.com', 'hmac-sha1-etm@openssh.com', 'umac-64-etm@openssh.com', 'umac-128-etm@openssh.com', 'hmac-sha2-256-etm@openssh.com', 'hmac-sha2-512-etm@openssh.com', 'hmac-ripemd160-etm@openssh.com', 'hmac-sha1-96-etm@openssh.com', 'hmac-md5-96-etm@openssh.com', 'hmac-md5', 'hmac-sha1', 'umac-64@openssh.com', 'umac-128@openssh.com', 'hmac-sha2-256', 'hmac-sha2-512', 'hmac-ripemd160', 'hmac-ripemd160@openssh.com', 'hmac-sha1-96', 'hmac-md5-96'] client compress:['none', 'zlib@openssh.com'] server compress:['none', 'zlib@openssh.com'] client lang:[''] server lang:[''] kex follows?False
DEB [20180104-22:53:41.002] thr=6   paramiko.transport: Kex agreed: ecdh-sha2-nistp256
DEB [20180104-22:53:41.002] thr=6   paramiko.transport: HostKey agreed: ssh-ed25519
DEB [20180104-22:53:41.002] thr=6   paramiko.transport: Cipher agreed: aes128-ctr
DEB [20180104-22:53:41.002] thr=6   paramiko.transport: MAC agreed: hmac-sha2-256
DEB [20180104-22:53:41.002] thr=6   paramiko.transport: Compression agreed: none
DEB [20180104-22:53:41.151] thr=6   paramiko.transport: kex engine KexNistp256 specified hash_algo <built-in function openssl_sha256>
DEB [20180104-22:53:41.152] thr=6   paramiko.transport: Switch to new keys ...
DEB [20180104-22:53:41.152] thr=2   paramiko.transport: Adding ssh-ed25519 host key for ec2-13-112-192-203.ap-northeast-1.compute.amazonaws.com: b'6d24fb9a77e46e9a80d6a4c4726ac177'
DEB [20180104-22:53:41.153] thr=2   paramiko.transport: Trying SSH key b'6d8cadf34f0022ac4d51a9d631ded228'
DEB [20180104-22:53:41.466] thr=6   paramiko.transport: userauth is OK
INF [20180104-22:53:41.592] thr=6   paramiko.transport: Authentication (publickey) successful!
DEB [20180104-22:53:41.759] thr=7   paramiko.transport: starting thread (client mode): 0xd3cec470
DEB [20180104-22:53:41.760] thr=7   paramiko.transport: Local version/idstring: SSH-2.0-paramiko_2.3.1
DEB [20180104-22:53:41.881] thr=7   paramiko.transport: Remote version/idstring: SSH-2.0-OpenSSH_6.6.1p1 Ubuntu-2ubuntu2.8
INF [20180104-22:53:41.881] thr=7   paramiko.transport: Connected (version 2.0, client OpenSSH_6.6.1p1)
DEB [20180104-22:53:42.044] thr=7   paramiko.transport: kex algos:['curve25519-sha256@libssh.org', 'ecdh-sha2-nistp256', 'ecdh-sha2-nistp384', 'ecdh-sha2-nistp521', 'diffie-hellman-group-exchange-sha256', 'diffie-hellman-group-exchange-sha1', 'diffie-hellman-group14-sha1', 'diffie-hellman-group1-sha1'] server key:['ssh-rsa', 'ssh-dss', 'ecdsa-sha2-nistp256', 'ssh-ed25519'] client encrypt:['aes128-ctr', 'aes192-ctr', 'aes256-ctr', 'arcfour256', 'arcfour128', 'aes128-gcm@openssh.com', 'aes256-gcm@openssh.com', 'chacha20-poly1305@openssh.com', 'aes128-cbc', '3des-cbc', 'blowfish-cbc', 'cast128-cbc', 'aes192-cbc', 'aes256-cbc', 'arcfour', 'rijndael-cbc@lysator.liu.se'] server encrypt:['aes128-ctr', 'aes192-ctr', 'aes256-ctr', 'arcfour256', 'arcfour128', 'aes128-gcm@openssh.com', 'aes256-gcm@openssh.com', 'chacha20-poly1305@openssh.com', 'aes128-cbc', '3des-cbc', 'blowfish-cbc', 'cast128-cbc', 'aes192-cbc', 'aes256-cbc', 'arcfour', 'rijndael-cbc@lysator.liu.se'] client mac:['hmac-md5-etm@openssh.com', 'hmac-sha1-etm@openssh.com', 'umac-64-etm@openssh.com', 'umac-128-etm@openssh.com', 'hmac-sha2-256-etm@openssh.com', 'hmac-sha2-512-etm@openssh.com', 'hmac-ripemd160-etm@openssh.com', 'hmac-sha1-96-etm@openssh.com', 'hmac-md5-96-etm@openssh.com', 'hmac-md5', 'hmac-sha1', 'umac-64@openssh.com', 'umac-128@openssh.com', 'hmac-sha2-256', 'hmac-sha2-512', 'hmac-ripemd160', 'hmac-ripemd160@openssh.com', 'hmac-sha1-96', 'hmac-md5-96'] server mac:['hmac-md5-etm@openssh.com', 'hmac-sha1-etm@openssh.com', 'umac-64-etm@openssh.com', 'umac-128-etm@openssh.com', 'hmac-sha2-256-etm@openssh.com', 'hmac-sha2-512-etm@openssh.com', 'hmac-ripemd160-etm@openssh.com', 'hmac-sha1-96-etm@openssh.com', 'hmac-md5-96-etm@openssh.com', 'hmac-md5', 'hmac-sha1', 'umac-64@openssh.com', 'umac-128@openssh.com', 'hmac-sha2-256', 'hmac-sha2-512', 'hmac-ripemd160', 'hmac-ripemd160@openssh.com', 'hmac-sha1-96', 'hmac-md5-96'] client compress:['none', 'zlib@openssh.com'] server compress:['none', 'zlib@openssh.com'] client lang:[''] server lang:[''] kex follows?False
DEB [20180104-22:53:42.045] thr=7   paramiko.transport: Kex agreed: ecdh-sha2-nistp256
DEB [20180104-22:53:42.045] thr=7   paramiko.transport: HostKey agreed: ssh-ed25519
DEB [20180104-22:53:42.045] thr=7   paramiko.transport: Cipher agreed: aes128-ctr
DEB [20180104-22:53:42.045] thr=7   paramiko.transport: MAC agreed: hmac-sha2-256
DEB [20180104-22:53:42.045] thr=7   paramiko.transport: Compression agreed: none
DEB [20180104-22:53:42.186] thr=7   paramiko.transport: kex engine KexNistp256 specified hash_algo <built-in function openssl_sha256>
DEB [20180104-22:53:42.187] thr=7   paramiko.transport: Switch to new keys ...
DEB [20180104-22:53:42.187] thr=2   paramiko.transport: Attempting public-key auth...
DEB [20180104-22:53:42.503] thr=7   paramiko.transport: userauth is OK
INF [20180104-22:53:42.646] thr=7   paramiko.transport: Authentication (publickey) successful!
DEB [20180104-22:53:42.646] thr=2   paramiko.transport: [chan 0] Max packet in: 32768 bytes
DEB [20180104-22:53:42.871] thr=7   paramiko.transport: [chan 0] Max packet out: 32768 bytes
DEB [20180104-22:53:42.871] thr=7   paramiko.transport: Secsh channel 0 opened.
DEB [20180104-22:53:42.999] thr=7   paramiko.transport: [chan 0] Sesch channel 0 request ok
INF [20180104-22:53:43.124] thr=2   paramiko.transport.sftp: [chan 0] Opened sftp connection (server version 3)
DEB [20180104-22:53:43.125] thr=2   paramiko.transport.sftp: [chan 0] listdir(b'./Browser/data')
DEB [20180104-22:53:43.680] thr=2   paramiko.transport.sftp: [chan 0] remove(b'./Browser/data/\xe8\xac\x9b\xe5\xba\xa7')
DEB [20180104-22:53:43.801] thr=2   paramiko.transport.sftp: [chan 0] remove(b'./Browser/data/C_language')
DEB [20180104-22:53:43.930] thr=2   paramiko.transport.sftp: [chan 0] remove(b'./Browser/data/Js_design')
DEB [20180104-22:53:44.067] thr=2   paramiko.transport.sftp: [chan 0] remove(b'./Browser/data/\xe8\x8b\xb1\xe6\x96\x87\xe5\xa0\xb1\xe5\x91\x8a')
DEB [20180104-22:53:44.204] thr=2   paramiko.transport.sftp: [chan 0] remove(b'./Browser/data/mousetest.txt')
DEB [20180104-22:53:44.339] thr=2   paramiko.transport.sftp: [chan 0] remove(b'./Browser/data/C')
DEB [20180104-22:53:44.476] thr=2   paramiko.transport.sftp: [chan 0] remove(b'./Browser/data/data.txt')
DEB [20180104-22:53:44.612] thr=2   paramiko.transport.sftp: [chan 0] remove(b'./Browser/data/\xe5\xbe\x8c\xe7\xab\xaf')
DEB [20180104-22:53:44.746] thr=2   paramiko.transport.sftp: [chan 0] remove(b'./Browser/data/test')
DEB [20180104-22:53:44.881] thr=2   paramiko.transport.sftp: [chan 0] remove(b'./Browser/data/Package')
DEB [20180104-22:53:45.018] thr=2   paramiko.transport.sftp: [chan 0] open(b'./Browser/data/C', 'wb')
DEB [20180104-22:53:45.502] thr=2   paramiko.transport.sftp: [chan 0] open(b'./Browser/data/C', 'wb') -> b'00000000'
DEB [20180104-22:53:45.502] thr=2   paramiko.transport.sftp: [chan 0] close(b'00000000')
DEB [20180104-22:53:45.763] thr=2   paramiko.transport.sftp: [chan 0] stat(b'./Browser/data/C')
DEB [20180104-22:53:45.901] thr=2   paramiko.transport.sftp: [chan 0] open(b'./Browser/data/C_language', 'wb')
DEB [20180104-22:53:46.040] thr=2   paramiko.transport.sftp: [chan 0] open(b'./Browser/data/C_language', 'wb') -> b'00000000'
DEB [20180104-22:53:46.040] thr=2   paramiko.transport.sftp: [chan 0] close(b'00000000')
DEB [20180104-22:53:46.292] thr=2   paramiko.transport.sftp: [chan 0] stat(b'./Browser/data/C_language')
DEB [20180104-22:53:46.422] thr=2   paramiko.transport.sftp: [chan 0] open(b'./Browser/data/data.txt', 'wb')
DEB [20180104-22:53:46.546] thr=2   paramiko.transport.sftp: [chan 0] open(b'./Browser/data/data.txt', 'wb') -> b'00000000'
DEB [20180104-22:53:46.546] thr=2   paramiko.transport.sftp: [chan 0] close(b'00000000')
DEB [20180104-22:53:46.812] thr=2   paramiko.transport.sftp: [chan 0] stat(b'./Browser/data/data.txt')
DEB [20180104-22:53:46.944] thr=2   paramiko.transport.sftp: [chan 0] open(b'./Browser/data/Js_design', 'wb')
DEB [20180104-22:53:47.091] thr=2   paramiko.transport.sftp: [chan 0] open(b'./Browser/data/Js_design', 'wb') -> b'00000000'
DEB [20180104-22:53:47.092] thr=2   paramiko.transport.sftp: [chan 0] close(b'00000000')
DEB [20180104-22:53:47.380] thr=2   paramiko.transport.sftp: [chan 0] stat(b'./Browser/data/Js_design')
DEB [20180104-22:53:47.517] thr=2   paramiko.transport.sftp: [chan 0] open(b'./Browser/data/mousetest.txt', 'wb')
DEB [20180104-22:53:47.653] thr=2   paramiko.transport.sftp: [chan 0] open(b'./Browser/data/mousetest.txt', 'wb') -> b'00000000'
DEB [20180104-22:53:47.654] thr=2   paramiko.transport.sftp: [chan 0] close(b'00000000')
DEB [20180104-22:53:47.965] thr=2   paramiko.transport.sftp: [chan 0] stat(b'./Browser/data/mousetest.txt')
DEB [20180104-22:53:48.115] thr=2   paramiko.transport.sftp: [chan 0] open(b'./Browser/data/Package', 'wb')
DEB [20180104-22:53:48.251] thr=2   paramiko.transport.sftp: [chan 0] open(b'./Browser/data/Package', 'wb') -> b'00000000'
DEB [20180104-22:53:48.252] thr=2   paramiko.transport.sftp: [chan 0] close(b'00000000')
DEB [20180104-22:53:48.530] thr=2   paramiko.transport.sftp: [chan 0] stat(b'./Browser/data/Package')
DEB [20180104-22:53:48.670] thr=2   paramiko.transport.sftp: [chan 0] open(b'./Browser/data/test', 'wb')
DEB [20180104-22:53:48.802] thr=2   paramiko.transport.sftp: [chan 0] open(b'./Browser/data/test', 'wb') -> b'00000000'
DEB [20180104-22:53:48.803] thr=2   paramiko.transport.sftp: [chan 0] close(b'00000000')
DEB [20180104-22:53:49.076] thr=2   paramiko.transport.sftp: [chan 0] stat(b'./Browser/data/test')
DEB [20180104-22:53:49.216] thr=2   paramiko.transport.sftp: [chan 0] open(b'./Browser/data/\xe5\xbe\x8c\xe7\xab\xaf', 'wb')
DEB [20180104-22:53:49.359] thr=2   paramiko.transport.sftp: [chan 0] open(b'./Browser/data/\xe5\xbe\x8c\xe7\xab\xaf', 'wb') -> b'00000000'
DEB [20180104-22:53:49.360] thr=2   paramiko.transport.sftp: [chan 0] close(b'00000000')
DEB [20180104-22:53:49.616] thr=2   paramiko.transport.sftp: [chan 0] stat(b'./Browser/data/\xe5\xbe\x8c\xe7\xab\xaf')
DEB [20180104-22:53:49.745] thr=2   paramiko.transport.sftp: [chan 0] open(b'./Browser/data/\xe8\x8b\xb1\xe6\x96\x87\xe5\xa0\xb1\xe5\x91\x8a', 'wb')
DEB [20180104-22:53:49.880] thr=2   paramiko.transport.sftp: [chan 0] open(b'./Browser/data/\xe8\x8b\xb1\xe6\x96\x87\xe5\xa0\xb1\xe5\x91\x8a', 'wb') -> b'00000000'
DEB [20180104-22:53:49.881] thr=2   paramiko.transport.sftp: [chan 0] close(b'00000000')
DEB [20180104-22:53:50.168] thr=2   paramiko.transport.sftp: [chan 0] stat(b'./Browser/data/\xe8\x8b\xb1\xe6\x96\x87\xe5\xa0\xb1\xe5\x91\x8a')
DEB [20180104-22:53:50.305] thr=2   paramiko.transport.sftp: [chan 0] open(b'./Browser/data/\xe8\xac\x9b\xe5\xba\xa7', 'wb')
DEB [20180104-22:53:50.437] thr=2   paramiko.transport.sftp: [chan 0] open(b'./Browser/data/\xe8\xac\x9b\xe5\xba\xa7', 'wb') -> b'00000000'
DEB [20180104-22:53:50.437] thr=2   paramiko.transport.sftp: [chan 0] close(b'00000000')
DEB [20180104-22:53:50.719] thr=2   paramiko.transport.sftp: [chan 0] stat(b'./Browser/data/\xe8\xac\x9b\xe5\xba\xa7')
INF [20180104-22:53:50.865] thr=2   paramiko.transport.sftp: [chan 0] sftp session closed.
DEB [20180104-22:53:50.865] thr=2   paramiko.transport: [chan 0] EOF sent (0)
DEB [20180104-22:53:50.865] thr=6   paramiko.transport: EOF in transport thread
DEB [20180104-22:53:51.005] thr=7   paramiko.transport: [chan 0] EOF received (0)
DEB [20180104-22:53:55.923] thr=8   paramiko.transport: starting thread (client mode): 0xd3ce3860
DEB [20180104-22:53:55.923] thr=8   paramiko.transport: Local version/idstring: SSH-2.0-paramiko_2.3.1
DEB [20180104-22:53:56.067] thr=8   paramiko.transport: Remote version/idstring: SSH-2.0-OpenSSH_6.6.1p1 Ubuntu-2ubuntu2.8
INF [20180104-22:53:56.067] thr=8   paramiko.transport: Connected (version 2.0, client OpenSSH_6.6.1p1)
DEB [20180104-22:53:56.191] thr=8   paramiko.transport: kex algos:['curve25519-sha256@libssh.org', 'ecdh-sha2-nistp256', 'ecdh-sha2-nistp384', 'ecdh-sha2-nistp521', 'diffie-hellman-group-exchange-sha256', 'diffie-hellman-group-exchange-sha1', 'diffie-hellman-group14-sha1', 'diffie-hellman-group1-sha1'] server key:['ssh-rsa', 'ssh-dss', 'ecdsa-sha2-nistp256', 'ssh-ed25519'] client encrypt:['aes128-ctr', 'aes192-ctr', 'aes256-ctr', 'arcfour256', 'arcfour128', 'aes128-gcm@openssh.com', 'aes256-gcm@openssh.com', 'chacha20-poly1305@openssh.com', 'aes128-cbc', '3des-cbc', 'blowfish-cbc', 'cast128-cbc', 'aes192-cbc', 'aes256-cbc', 'arcfour', 'rijndael-cbc@lysator.liu.se'] server encrypt:['aes128-ctr', 'aes192-ctr', 'aes256-ctr', 'arcfour256', 'arcfour128', 'aes128-gcm@openssh.com', 'aes256-gcm@openssh.com', 'chacha20-poly1305@openssh.com', 'aes128-cbc', '3des-cbc', 'blowfish-cbc', 'cast128-cbc', 'aes192-cbc', 'aes256-cbc', 'arcfour', 'rijndael-cbc@lysator.liu.se'] client mac:['hmac-md5-etm@openssh.com', 'hmac-sha1-etm@openssh.com', 'umac-64-etm@openssh.com', 'umac-128-etm@openssh.com', 'hmac-sha2-256-etm@openssh.com', 'hmac-sha2-512-etm@openssh.com', 'hmac-ripemd160-etm@openssh.com', 'hmac-sha1-96-etm@openssh.com', 'hmac-md5-96-etm@openssh.com', 'hmac-md5', 'hmac-sha1', 'umac-64@openssh.com', 'umac-128@openssh.com', 'hmac-sha2-256', 'hmac-sha2-512', 'hmac-ripemd160', 'hmac-ripemd160@openssh.com', 'hmac-sha1-96', 'hmac-md5-96'] server mac:['hmac-md5-etm@openssh.com', 'hmac-sha1-etm@openssh.com', 'umac-64-etm@openssh.com', 'umac-128-etm@openssh.com', 'hmac-sha2-256-etm@openssh.com', 'hmac-sha2-512-etm@openssh.com', 'hmac-ripemd160-etm@openssh.com', 'hmac-sha1-96-etm@openssh.com', 'hmac-md5-96-etm@openssh.com', 'hmac-md5', 'hmac-sha1', 'umac-64@openssh.com', 'umac-128@openssh.com', 'hmac-sha2-256', 'hmac-sha2-512', 'hmac-ripemd160', 'hmac-ripemd160@openssh.com', 'hmac-sha1-96', 'hmac-md5-96'] client compress:['none', 'zlib@openssh.com'] server compress:['none', 'zlib@openssh.com'] client lang:[''] server lang:[''] kex follows?False
DEB [20180104-22:53:56.191] thr=8   paramiko.transport: Kex agreed: ecdh-sha2-nistp256
DEB [20180104-22:53:56.191] thr=8   paramiko.transport: HostKey agreed: ssh-ed25519
DEB [20180104-22:53:56.191] thr=8   paramiko.transport: Cipher agreed: aes128-ctr
DEB [20180104-22:53:56.191] thr=8   paramiko.transport: MAC agreed: hmac-sha2-256
DEB [20180104-22:53:56.191] thr=8   paramiko.transport: Compression agreed: none
DEB [20180104-22:53:56.370] thr=8   paramiko.transport: kex engine KexNistp256 specified hash_algo <built-in function openssl_sha256>
DEB [20180104-22:53:56.371] thr=8   paramiko.transport: Switch to new keys ...
DEB [20180104-22:53:56.371] thr=2   paramiko.transport: Adding ssh-ed25519 host key for ec2-13-112-192-203.ap-northeast-1.compute.amazonaws.com: b'6d24fb9a77e46e9a80d6a4c4726ac177'
DEB [20180104-22:53:56.371] thr=2   paramiko.transport: Trying SSH key b'6d8cadf34f0022ac4d51a9d631ded228'
DEB [20180104-22:53:56.695] thr=8   paramiko.transport: userauth is OK
INF [20180104-22:53:56.843] thr=8   paramiko.transport: Authentication (publickey) successful!
DEB [20180104-22:53:56.843] thr=2   paramiko.transport: [chan 0] Max packet in: 32768 bytes
DEB [20180104-22:53:57.060] thr=8   paramiko.transport: [chan 0] Max packet out: 32768 bytes
DEB [20180104-22:53:57.060] thr=8   paramiko.transport: Secsh channel 0 opened.
DEB [20180104-22:53:57.200] thr=8   paramiko.transport: [chan 0] Sesch channel 0 request ok
DEB [20180104-22:53:57.714] thr=8   paramiko.transport: [chan 0] EOF received (0)
DEB [20180104-22:53:57.715] thr=8   paramiko.transport: [chan 0] EOF sent (0)
DEB [20180104-22:53:57.717] thr=8   paramiko.transport: EOF in transport thread
DEB [20180104-22:54:56.224] thr=9   paramiko.transport: starting thread (client mode): 0xd3cece48
DEB [20180104-22:54:56.224] thr=9   paramiko.transport: Local version/idstring: SSH-2.0-paramiko_2.3.1
DEB [20180104-22:54:56.370] thr=9   paramiko.transport: Remote version/idstring: SSH-2.0-OpenSSH_6.6.1p1 Ubuntu-2ubuntu2.8
INF [20180104-22:54:56.370] thr=9   paramiko.transport: Connected (version 2.0, client OpenSSH_6.6.1p1)
DEB [20180104-22:54:56.532] thr=9   paramiko.transport: kex algos:['curve25519-sha256@libssh.org', 'ecdh-sha2-nistp256', 'ecdh-sha2-nistp384', 'ecdh-sha2-nistp521', 'diffie-hellman-group-exchange-sha256', 'diffie-hellman-group-exchange-sha1', 'diffie-hellman-group14-sha1', 'diffie-hellman-group1-sha1'] server key:['ssh-rsa', 'ssh-dss', 'ecdsa-sha2-nistp256', 'ssh-ed25519'] client encrypt:['aes128-ctr', 'aes192-ctr', 'aes256-ctr', 'arcfour256', 'arcfour128', 'aes128-gcm@openssh.com', 'aes256-gcm@openssh.com', 'chacha20-poly1305@openssh.com', 'aes128-cbc', '3des-cbc', 'blowfish-cbc', 'cast128-cbc', 'aes192-cbc', 'aes256-cbc', 'arcfour', 'rijndael-cbc@lysator.liu.se'] server encrypt:['aes128-ctr', 'aes192-ctr', 'aes256-ctr', 'arcfour256', 'arcfour128', 'aes128-gcm@openssh.com', 'aes256-gcm@openssh.com', 'chacha20-poly1305@openssh.com', 'aes128-cbc', '3des-cbc', 'blowfish-cbc', 'cast128-cbc', 'aes192-cbc', 'aes256-cbc', 'arcfour', 'rijndael-cbc@lysator.liu.se'] client mac:['hmac-md5-etm@openssh.com', 'hmac-sha1-etm@openssh.com', 'umac-64-etm@openssh.com', 'umac-128-etm@openssh.com', 'hmac-sha2-256-etm@openssh.com', 'hmac-sha2-512-etm@openssh.com', 'hmac-ripemd160-etm@openssh.com', 'hmac-sha1-96-etm@openssh.com', 'hmac-md5-96-etm@openssh.com', 'hmac-md5', 'hmac-sha1', 'umac-64@openssh.com', 'umac-128@openssh.com', 'hmac-sha2-256', 'hmac-sha2-512', 'hmac-ripemd160', 'hmac-ripemd160@openssh.com', 'hmac-sha1-96', 'hmac-md5-96'] server mac:['hmac-md5-etm@openssh.com', 'hmac-sha1-etm@openssh.com', 'umac-64-etm@openssh.com', 'umac-128-etm@openssh.com', 'hmac-sha2-256-etm@openssh.com', 'hmac-sha2-512-etm@openssh.com', 'hmac-ripemd160-etm@openssh.com', 'hmac-sha1-96-etm@openssh.com', 'hmac-md5-96-etm@openssh.com', 'hmac-md5', 'hmac-sha1', 'umac-64@openssh.com', 'umac-128@openssh.com', 'hmac-sha2-256', 'hmac-sha2-512', 'hmac-ripemd160', 'hmac-ripemd160@openssh.com', 'hmac-sha1-96', 'hmac-md5-96'] client compress:['none', 'zlib@openssh.com'] server compress:['none', 'zlib@openssh.com'] client lang:[''] server lang:[''] kex follows?False
DEB [20180104-22:54:56.532] thr=9   paramiko.transport: Kex agreed: ecdh-sha2-nistp256
DEB [20180104-22:54:56.532] thr=9   paramiko.transport: HostKey agreed: ssh-ed25519
DEB [20180104-22:54:56.532] thr=9   paramiko.transport: Cipher agreed: aes128-ctr
DEB [20180104-22:54:56.532] thr=9   paramiko.transport: MAC agreed: hmac-sha2-256
DEB [20180104-22:54:56.533] thr=9   paramiko.transport: Compression agreed: none
DEB [20180104-22:54:56.717] thr=9   paramiko.transport: kex engine KexNistp256 specified hash_algo <built-in function openssl_sha256>
DEB [20180104-22:54:56.717] thr=9   paramiko.transport: Switch to new keys ...
DEB [20180104-22:54:56.717] thr=2   paramiko.transport: Adding ssh-ed25519 host key for ec2-13-112-192-203.ap-northeast-1.compute.amazonaws.com: b'6d24fb9a77e46e9a80d6a4c4726ac177'
DEB [20180104-22:54:56.718] thr=2   paramiko.transport: Trying SSH key b'6d8cadf34f0022ac4d51a9d631ded228'
DEB [20180104-22:54:57.040] thr=9   paramiko.transport: userauth is OK
INF [20180104-22:54:57.209] thr=9   paramiko.transport: Authentication (publickey) successful!
DEB [20180104-22:54:57.338] thr=10  paramiko.transport: starting thread (client mode): 0xd3cf07b8
DEB [20180104-22:54:57.339] thr=10  paramiko.transport: Local version/idstring: SSH-2.0-paramiko_2.3.1
DEB [20180104-22:54:57.476] thr=10  paramiko.transport: Remote version/idstring: SSH-2.0-OpenSSH_6.6.1p1 Ubuntu-2ubuntu2.8
INF [20180104-22:54:57.476] thr=10  paramiko.transport: Connected (version 2.0, client OpenSSH_6.6.1p1)
DEB [20180104-22:54:57.613] thr=10  paramiko.transport: kex algos:['curve25519-sha256@libssh.org', 'ecdh-sha2-nistp256', 'ecdh-sha2-nistp384', 'ecdh-sha2-nistp521', 'diffie-hellman-group-exchange-sha256', 'diffie-hellman-group-exchange-sha1', 'diffie-hellman-group14-sha1', 'diffie-hellman-group1-sha1'] server key:['ssh-rsa', 'ssh-dss', 'ecdsa-sha2-nistp256', 'ssh-ed25519'] client encrypt:['aes128-ctr', 'aes192-ctr', 'aes256-ctr', 'arcfour256', 'arcfour128', 'aes128-gcm@openssh.com', 'aes256-gcm@openssh.com', 'chacha20-poly1305@openssh.com', 'aes128-cbc', '3des-cbc', 'blowfish-cbc', 'cast128-cbc', 'aes192-cbc', 'aes256-cbc', 'arcfour', 'rijndael-cbc@lysator.liu.se'] server encrypt:['aes128-ctr', 'aes192-ctr', 'aes256-ctr', 'arcfour256', 'arcfour128', 'aes128-gcm@openssh.com', 'aes256-gcm@openssh.com', 'chacha20-poly1305@openssh.com', 'aes128-cbc', '3des-cbc', 'blowfish-cbc', 'cast128-cbc', 'aes192-cbc', 'aes256-cbc', 'arcfour', 'rijndael-cbc@lysator.liu.se'] client mac:['hmac-md5-etm@openssh.com', 'hmac-sha1-etm@openssh.com', 'umac-64-etm@openssh.com', 'umac-128-etm@openssh.com', 'hmac-sha2-256-etm@openssh.com', 'hmac-sha2-512-etm@openssh.com', 'hmac-ripemd160-etm@openssh.com', 'hmac-sha1-96-etm@openssh.com', 'hmac-md5-96-etm@openssh.com', 'hmac-md5', 'hmac-sha1', 'umac-64@openssh.com', 'umac-128@openssh.com', 'hmac-sha2-256', 'hmac-sha2-512', 'hmac-ripemd160', 'hmac-ripemd160@openssh.com', 'hmac-sha1-96', 'hmac-md5-96'] server mac:['hmac-md5-etm@openssh.com', 'hmac-sha1-etm@openssh.com', 'umac-64-etm@openssh.com', 'umac-128-etm@openssh.com', 'hmac-sha2-256-etm@openssh.com', 'hmac-sha2-512-etm@openssh.com', 'hmac-ripemd160-etm@openssh.com', 'hmac-sha1-96-etm@openssh.com', 'hmac-md5-96-etm@openssh.com', 'hmac-md5', 'hmac-sha1', 'umac-64@openssh.com', 'umac-128@openssh.com', 'hmac-sha2-256', 'hmac-sha2-512', 'hmac-ripemd160', 'hmac-ripemd160@openssh.com', 'hmac-sha1-96', 'hmac-md5-96'] client compress:['none', 'zlib@openssh.com'] server compress:['none', 'zlib@openssh.com'] client lang:[''] server lang:[''] kex follows?False
DEB [20180104-22:54:57.614] thr=10  paramiko.transport: Kex agreed: ecdh-sha2-nistp256
DEB [20180104-22:54:57.614] thr=10  paramiko.transport: HostKey agreed: ssh-ed25519
DEB [20180104-22:54:57.614] thr=10  paramiko.transport: Cipher agreed: aes128-ctr
DEB [20180104-22:54:57.614] thr=10  paramiko.transport: MAC agreed: hmac-sha2-256
DEB [20180104-22:54:57.614] thr=10  paramiko.transport: Compression agreed: none
DEB [20180104-22:54:57.740] thr=10  paramiko.transport: kex engine KexNistp256 specified hash_algo <built-in function openssl_sha256>
DEB [20180104-22:54:57.740] thr=10  paramiko.transport: Switch to new keys ...
DEB [20180104-22:54:57.740] thr=2   paramiko.transport: Attempting public-key auth...
DEB [20180104-22:54:58.040] thr=10  paramiko.transport: userauth is OK
INF [20180104-22:54:58.187] thr=10  paramiko.transport: Authentication (publickey) successful!
DEB [20180104-22:54:58.187] thr=2   paramiko.transport: [chan 0] Max packet in: 32768 bytes
DEB [20180104-22:54:58.410] thr=10  paramiko.transport: [chan 0] Max packet out: 32768 bytes
DEB [20180104-22:54:58.411] thr=10  paramiko.transport: Secsh channel 0 opened.
DEB [20180104-22:54:58.537] thr=10  paramiko.transport: [chan 0] Sesch channel 0 request ok
INF [20180104-22:54:58.662] thr=2   paramiko.transport.sftp: [chan 0] Opened sftp connection (server version 3)
DEB [20180104-22:54:58.662] thr=2   paramiko.transport.sftp: [chan 0] listdir(b'./Browser/data')
DEB [20180104-22:54:59.190] thr=2   paramiko.transport.sftp: [chan 0] remove(b'./Browser/data/\xe8\xac\x9b\xe5\xba\xa7')
DEB [20180104-22:54:59.324] thr=2   paramiko.transport.sftp: [chan 0] remove(b'./Browser/data/C_language')
DEB [20180104-22:54:59.455] thr=2   paramiko.transport.sftp: [chan 0] remove(b'./Browser/data/Js_design')
DEB [20180104-22:54:59.596] thr=2   paramiko.transport.sftp: [chan 0] remove(b'./Browser/data/\xe8\x8b\xb1\xe6\x96\x87\xe5\xa0\xb1\xe5\x91\x8a')
DEB [20180104-22:54:59.737] thr=2   paramiko.transport.sftp: [chan 0] remove(b'./Browser/data/mousetest.txt')
DEB [20180104-22:54:59.879] thr=2   paramiko.transport.sftp: [chan 0] remove(b'./Browser/data/C')
DEB [20180104-22:55:00.019] thr=2   paramiko.transport.sftp: [chan 0] remove(b'./Browser/data/data.txt')
DEB [20180104-22:55:00.154] thr=2   paramiko.transport.sftp: [chan 0] remove(b'./Browser/data/\xe5\xbe\x8c\xe7\xab\xaf')
DEB [20180104-22:55:00.294] thr=2   paramiko.transport.sftp: [chan 0] remove(b'./Browser/data/test')
DEB [20180104-22:55:00.427] thr=2   paramiko.transport.sftp: [chan 0] remove(b'./Browser/data/Package')
DEB [20180104-22:55:00.564] thr=2   paramiko.transport.sftp: [chan 0] open(b'./Browser/data/C', 'wb')
DEB [20180104-22:55:00.701] thr=2   paramiko.transport.sftp: [chan 0] open(b'./Browser/data/C', 'wb') -> b'00000000'
DEB [20180104-22:55:00.702] thr=2   paramiko.transport.sftp: [chan 0] close(b'00000000')
DEB [20180104-22:55:00.966] thr=2   paramiko.transport.sftp: [chan 0] stat(b'./Browser/data/C')
DEB [20180104-22:55:01.113] thr=2   paramiko.transport.sftp: [chan 0] open(b'./Browser/data/C_language', 'wb')
DEB [20180104-22:55:01.254] thr=2   paramiko.transport.sftp: [chan 0] open(b'./Browser/data/C_language', 'wb') -> b'00000000'
DEB [20180104-22:55:01.254] thr=2   paramiko.transport.sftp: [chan 0] close(b'00000000')
DEB [20180104-22:55:01.515] thr=2   paramiko.transport.sftp: [chan 0] stat(b'./Browser/data/C_language')
DEB [20180104-22:55:01.654] thr=2   paramiko.transport.sftp: [chan 0] open(b'./Browser/data/data.txt', 'wb')
DEB [20180104-22:55:01.802] thr=2   paramiko.transport.sftp: [chan 0] open(b'./Browser/data/data.txt', 'wb') -> b'00000000'
DEB [20180104-22:55:01.803] thr=2   paramiko.transport.sftp: [chan 0] close(b'00000000')
DEB [20180104-22:55:02.064] thr=2   paramiko.transport.sftp: [chan 0] stat(b'./Browser/data/data.txt')
DEB [20180104-22:55:02.197] thr=2   paramiko.transport.sftp: [chan 0] open(b'./Browser/data/Js_design', 'wb')
DEB [20180104-22:55:02.339] thr=2   paramiko.transport.sftp: [chan 0] open(b'./Browser/data/Js_design', 'wb') -> b'00000000'
DEB [20180104-22:55:02.340] thr=2   paramiko.transport.sftp: [chan 0] close(b'00000000')
DEB [20180104-22:55:02.604] thr=2   paramiko.transport.sftp: [chan 0] stat(b'./Browser/data/Js_design')
DEB [20180104-22:55:02.743] thr=2   paramiko.transport.sftp: [chan 0] open(b'./Browser/data/Package', 'wb')
DEB [20180104-22:55:02.886] thr=2   paramiko.transport.sftp: [chan 0] open(b'./Browser/data/Package', 'wb') -> b'00000000'
DEB [20180104-22:55:02.886] thr=2   paramiko.transport.sftp: [chan 0] close(b'00000000')
DEB [20180104-22:55:03.144] thr=2   paramiko.transport.sftp: [chan 0] stat(b'./Browser/data/Package')
DEB [20180104-22:55:03.268] thr=2   paramiko.transport.sftp: [chan 0] open(b'./Browser/data/test', 'wb')
DEB [20180104-22:55:03.400] thr=2   paramiko.transport.sftp: [chan 0] open(b'./Browser/data/test', 'wb') -> b'00000000'
DEB [20180104-22:55:03.401] thr=2   paramiko.transport.sftp: [chan 0] close(b'00000000')
DEB [20180104-22:55:03.677] thr=2   paramiko.transport.sftp: [chan 0] stat(b'./Browser/data/test')
DEB [20180104-22:55:03.812] thr=2   paramiko.transport.sftp: [chan 0] open(b'./Browser/data/\xe5\xbe\x8c\xe7\xab\xaf', 'wb')
DEB [20180104-22:55:03.938] thr=2   paramiko.transport.sftp: [chan 0] open(b'./Browser/data/\xe5\xbe\x8c\xe7\xab\xaf', 'wb') -> b'00000000'
DEB [20180104-22:55:03.939] thr=2   paramiko.transport.sftp: [chan 0] close(b'00000000')
DEB [20180104-22:55:04.207] thr=2   paramiko.transport.sftp: [chan 0] stat(b'./Browser/data/\xe5\xbe\x8c\xe7\xab\xaf')
DEB [20180104-22:55:04.344] thr=2   paramiko.transport.sftp: [chan 0] open(b'./Browser/data/\xe8\x8b\xb1\xe6\x96\x87\xe5\xa0\xb1\xe5\x91\x8a', 'wb')
DEB [20180104-22:55:04.479] thr=2   paramiko.transport.sftp: [chan 0] open(b'./Browser/data/\xe8\x8b\xb1\xe6\x96\x87\xe5\xa0\xb1\xe5\x91\x8a', 'wb') -> b'00000000'
DEB [20180104-22:55:04.480] thr=2   paramiko.transport.sftp: [chan 0] close(b'00000000')
DEB [20180104-22:55:04.761] thr=2   paramiko.transport.sftp: [chan 0] stat(b'./Browser/data/\xe8\x8b\xb1\xe6\x96\x87\xe5\xa0\xb1\xe5\x91\x8a')
DEB [20180104-22:55:04.899] thr=2   paramiko.transport.sftp: [chan 0] open(b'./Browser/data/\xe8\xac\x9b\xe5\xba\xa7', 'wb')
DEB [20180104-22:55:05.040] thr=2   paramiko.transport.sftp: [chan 0] open(b'./Browser/data/\xe8\xac\x9b\xe5\xba\xa7', 'wb') -> b'00000000'
DEB [20180104-22:55:05.040] thr=2   paramiko.transport.sftp: [chan 0] close(b'00000000')
DEB [20180104-22:55:05.326] thr=2   paramiko.transport.sftp: [chan 0] stat(b'./Browser/data/\xe8\xac\x9b\xe5\xba\xa7')
INF [20180104-22:55:05.464] thr=2   paramiko.transport.sftp: [chan 0] sftp session closed.
DEB [20180104-22:55:05.464] thr=2   paramiko.transport: [chan 0] EOF sent (0)
DEB [20180104-22:55:05.465] thr=9   paramiko.transport: EOF in transport thread
DEB [20180104-22:55:05.602] thr=10  paramiko.transport: [chan 0] EOF received (0)
DEB [20180104-22:58:40.597] thr=11  paramiko.transport: starting thread (client mode): 0xd3cf1470
DEB [20180104-22:58:40.597] thr=11  paramiko.transport: Local version/idstring: SSH-2.0-paramiko_2.3.1
DEB [20180104-22:58:40.731] thr=11  paramiko.transport: Remote version/idstring: SSH-2.0-OpenSSH_6.6.1p1 Ubuntu-2ubuntu2.8
INF [20180104-22:58:40.731] thr=11  paramiko.transport: Connected (version 2.0, client OpenSSH_6.6.1p1)
DEB [20180104-22:58:40.856] thr=11  paramiko.transport: kex algos:['curve25519-sha256@libssh.org', 'ecdh-sha2-nistp256', 'ecdh-sha2-nistp384', 'ecdh-sha2-nistp521', 'diffie-hellman-group-exchange-sha256', 'diffie-hellman-group-exchange-sha1', 'diffie-hellman-group14-sha1', 'diffie-hellman-group1-sha1'] server key:['ssh-rsa', 'ssh-dss', 'ecdsa-sha2-nistp256', 'ssh-ed25519'] client encrypt:['aes128-ctr', 'aes192-ctr', 'aes256-ctr', 'arcfour256', 'arcfour128', 'aes128-gcm@openssh.com', 'aes256-gcm@openssh.com', 'chacha20-poly1305@openssh.com', 'aes128-cbc', '3des-cbc', 'blowfish-cbc', 'cast128-cbc', 'aes192-cbc', 'aes256-cbc', 'arcfour', 'rijndael-cbc@lysator.liu.se'] server encrypt:['aes128-ctr', 'aes192-ctr', 'aes256-ctr', 'arcfour256', 'arcfour128', 'aes128-gcm@openssh.com', 'aes256-gcm@openssh.com', 'chacha20-poly1305@openssh.com', 'aes128-cbc', '3des-cbc', 'blowfish-cbc', 'cast128-cbc', 'aes192-cbc', 'aes256-cbc', 'arcfour', 'rijndael-cbc@lysator.liu.se'] client mac:['hmac-md5-etm@openssh.com', 'hmac-sha1-etm@openssh.com', 'umac-64-etm@openssh.com', 'umac-128-etm@openssh.com', 'hmac-sha2-256-etm@openssh.com', 'hmac-sha2-512-etm@openssh.com', 'hmac-ripemd160-etm@openssh.com', 'hmac-sha1-96-etm@openssh.com', 'hmac-md5-96-etm@openssh.com', 'hmac-md5', 'hmac-sha1', 'umac-64@openssh.com', 'umac-128@openssh.com', 'hmac-sha2-256', 'hmac-sha2-512', 'hmac-ripemd160', 'hmac-ripemd160@openssh.com', 'hmac-sha1-96', 'hmac-md5-96'] server mac:['hmac-md5-etm@openssh.com', 'hmac-sha1-etm@openssh.com', 'umac-64-etm@openssh.com', 'umac-128-etm@openssh.com', 'hmac-sha2-256-etm@openssh.com', 'hmac-sha2-512-etm@openssh.com', 'hmac-ripemd160-etm@openssh.com', 'hmac-sha1-96-etm@openssh.com', 'hmac-md5-96-etm@openssh.com', 'hmac-md5', 'hmac-sha1', 'umac-64@openssh.com', 'umac-128@openssh.com', 'hmac-sha2-256', 'hmac-sha2-512', 'hmac-ripemd160', 'hmac-ripemd160@openssh.com', 'hmac-sha1-96', 'hmac-md5-96'] client compress:['none', 'zlib@openssh.com'] server compress:['none', 'zlib@openssh.com'] client lang:[''] server lang:[''] kex follows?False
DEB [20180104-22:58:40.857] thr=11  paramiko.transport: Kex agreed: ecdh-sha2-nistp256
DEB [20180104-22:58:40.857] thr=11  paramiko.transport: HostKey agreed: ssh-ed25519
DEB [20180104-22:58:40.857] thr=11  paramiko.transport: Cipher agreed: aes128-ctr
DEB [20180104-22:58:40.857] thr=11  paramiko.transport: MAC agreed: hmac-sha2-256
DEB [20180104-22:58:40.857] thr=11  paramiko.transport: Compression agreed: none
DEB [20180104-22:58:41.022] thr=11  paramiko.transport: kex engine KexNistp256 specified hash_algo <built-in function openssl_sha256>
DEB [20180104-22:58:41.022] thr=11  paramiko.transport: Switch to new keys ...
DEB [20180104-22:58:41.023] thr=2   paramiko.transport: Adding ssh-ed25519 host key for ec2-13-112-192-203.ap-northeast-1.compute.amazonaws.com: b'6d24fb9a77e46e9a80d6a4c4726ac177'
DEB [20180104-22:58:41.023] thr=2   paramiko.transport: Trying SSH key b'6d8cadf34f0022ac4d51a9d631ded228'
DEB [20180104-22:58:41.327] thr=11  paramiko.transport: userauth is OK
INF [20180104-22:58:41.669] thr=11  paramiko.transport: Authentication (publickey) successful!
DEB [20180104-22:58:41.800] thr=12  paramiko.transport: starting thread (client mode): 0xd3cf0438
DEB [20180104-22:58:41.801] thr=12  paramiko.transport: Local version/idstring: SSH-2.0-paramiko_2.3.1
DEB [20180104-22:58:41.927] thr=12  paramiko.transport: Remote version/idstring: SSH-2.0-OpenSSH_6.6.1p1 Ubuntu-2ubuntu2.8
INF [20180104-22:58:41.927] thr=12  paramiko.transport: Connected (version 2.0, client OpenSSH_6.6.1p1)
DEB [20180104-22:58:42.053] thr=12  paramiko.transport: kex algos:['curve25519-sha256@libssh.org', 'ecdh-sha2-nistp256', 'ecdh-sha2-nistp384', 'ecdh-sha2-nistp521', 'diffie-hellman-group-exchange-sha256', 'diffie-hellman-group-exchange-sha1', 'diffie-hellman-group14-sha1', 'diffie-hellman-group1-sha1'] server key:['ssh-rsa', 'ssh-dss', 'ecdsa-sha2-nistp256', 'ssh-ed25519'] client encrypt:['aes128-ctr', 'aes192-ctr', 'aes256-ctr', 'arcfour256', 'arcfour128', 'aes128-gcm@openssh.com', 'aes256-gcm@openssh.com', 'chacha20-poly1305@openssh.com', 'aes128-cbc', '3des-cbc', 'blowfish-cbc', 'cast128-cbc', 'aes192-cbc', 'aes256-cbc', 'arcfour', 'rijndael-cbc@lysator.liu.se'] server encrypt:['aes128-ctr', 'aes192-ctr', 'aes256-ctr', 'arcfour256', 'arcfour128', 'aes128-gcm@openssh.com', 'aes256-gcm@openssh.com', 'chacha20-poly1305@openssh.com', 'aes128-cbc', '3des-cbc', 'blowfish-cbc', 'cast128-cbc', 'aes192-cbc', 'aes256-cbc', 'arcfour', 'rijndael-cbc@lysator.liu.se'] client mac:['hmac-md5-etm@openssh.com', 'hmac-sha1-etm@openssh.com', 'umac-64-etm@openssh.com', 'umac-128-etm@openssh.com', 'hmac-sha2-256-etm@openssh.com', 'hmac-sha2-512-etm@openssh.com', 'hmac-ripemd160-etm@openssh.com', 'hmac-sha1-96-etm@openssh.com', 'hmac-md5-96-etm@openssh.com', 'hmac-md5', 'hmac-sha1', 'umac-64@openssh.com', 'umac-128@openssh.com', 'hmac-sha2-256', 'hmac-sha2-512', 'hmac-ripemd160', 'hmac-ripemd160@openssh.com', 'hmac-sha1-96', 'hmac-md5-96'] server mac:['hmac-md5-etm@openssh.com', 'hmac-sha1-etm@openssh.com', 'umac-64-etm@openssh.com', 'umac-128-etm@openssh.com', 'hmac-sha2-256-etm@openssh.com', 'hmac-sha2-512-etm@openssh.com', 'hmac-ripemd160-etm@openssh.com', 'hmac-sha1-96-etm@openssh.com', 'hmac-md5-96-etm@openssh.com', 'hmac-md5', 'hmac-sha1', 'umac-64@openssh.com', 'umac-128@openssh.com', 'hmac-sha2-256', 'hmac-sha2-512', 'hmac-ripemd160', 'hmac-ripemd160@openssh.com', 'hmac-sha1-96', 'hmac-md5-96'] client compress:['none', 'zlib@openssh.com'] server compress:['none', 'zlib@openssh.com'] client lang:[''] server lang:[''] kex follows?False
DEB [20180104-22:58:42.053] thr=12  paramiko.transport: Kex agreed: ecdh-sha2-nistp256
DEB [20180104-22:58:42.053] thr=12  paramiko.transport: HostKey agreed: ssh-ed25519
DEB [20180104-22:58:42.053] thr=12  paramiko.transport: Cipher agreed: aes128-ctr
DEB [20180104-22:58:42.053] thr=12  paramiko.transport: MAC agreed: hmac-sha2-256
DEB [20180104-22:58:42.054] thr=12  paramiko.transport: Compression agreed: none
DEB [20180104-22:58:42.187] thr=12  paramiko.transport: kex engine KexNistp256 specified hash_algo <built-in function openssl_sha256>
DEB [20180104-22:58:42.187] thr=12  paramiko.transport: Switch to new keys ...
DEB [20180104-22:58:42.188] thr=2   paramiko.transport: Attempting public-key auth...
DEB [20180104-22:58:42.468] thr=12  paramiko.transport: userauth is OK
INF [20180104-22:58:42.589] thr=12  paramiko.transport: Authentication (publickey) successful!
DEB [20180104-22:58:42.590] thr=2   paramiko.transport: [chan 0] Max packet in: 32768 bytes
DEB [20180104-22:58:42.819] thr=12  paramiko.transport: [chan 0] Max packet out: 32768 bytes
DEB [20180104-22:58:42.819] thr=12  paramiko.transport: Secsh channel 0 opened.
DEB [20180104-22:58:42.930] thr=12  paramiko.transport: [chan 0] Sesch channel 0 request ok
INF [20180104-22:58:43.059] thr=2   paramiko.transport.sftp: [chan 0] Opened sftp connection (server version 3)
DEB [20180104-22:58:43.059] thr=2   paramiko.transport.sftp: [chan 0] listdir(b'./Browser/data')
DEB [20180104-22:58:43.535] thr=2   paramiko.transport.sftp: [chan 0] remove(b'./Browser/data/\xe8\xac\x9b\xe5\xba\xa7')
DEB [20180104-22:58:43.647] thr=2   paramiko.transport.sftp: [chan 0] remove(b'./Browser/data/C_language')
DEB [20180104-22:58:43.767] thr=2   paramiko.transport.sftp: [chan 0] remove(b'./Browser/data/Js_design')
DEB [20180104-22:58:43.882] thr=2   paramiko.transport.sftp: [chan 0] remove(b'./Browser/data/\xe8\x8b\xb1\xe6\x96\x87\xe5\xa0\xb1\xe5\x91\x8a')
DEB [20180104-22:58:43.992] thr=2   paramiko.transport.sftp: [chan 0] remove(b'./Browser/data/C')
DEB [20180104-22:58:44.101] thr=2   paramiko.transport.sftp: [chan 0] remove(b'./Browser/data/data.txt')
DEB [20180104-22:58:44.210] thr=2   paramiko.transport.sftp: [chan 0] remove(b'./Browser/data/\xe5\xbe\x8c\xe7\xab\xaf')
DEB [20180104-22:58:44.321] thr=2   paramiko.transport.sftp: [chan 0] remove(b'./Browser/data/test')
DEB [20180104-22:58:44.441] thr=2   paramiko.transport.sftp: [chan 0] remove(b'./Browser/data/Package')
DEB [20180104-22:58:44.551] thr=2   paramiko.transport.sftp: [chan 0] open(b'./Browser/data/C', 'wb')
DEB [20180104-22:58:44.669] thr=2   paramiko.transport.sftp: [chan 0] open(b'./Browser/data/C', 'wb') -> b'00000000'
DEB [20180104-22:58:44.670] thr=2   paramiko.transport.sftp: [chan 0] close(b'00000000')
DEB [20180104-22:58:44.906] thr=2   paramiko.transport.sftp: [chan 0] stat(b'./Browser/data/C')
DEB [20180104-22:58:45.014] thr=2   paramiko.transport.sftp: [chan 0] open(b'./Browser/data/C_language', 'wb')
DEB [20180104-22:58:45.128] thr=2   paramiko.transport.sftp: [chan 0] open(b'./Browser/data/C_language', 'wb') -> b'00000000'
DEB [20180104-22:58:45.128] thr=2   paramiko.transport.sftp: [chan 0] close(b'00000000')
DEB [20180104-22:58:45.355] thr=2   paramiko.transport.sftp: [chan 0] stat(b'./Browser/data/C_language')
DEB [20180104-22:58:45.481] thr=2   paramiko.transport.sftp: [chan 0] open(b'./Browser/data/data.txt', 'wb')
DEB [20180104-22:58:45.611] thr=2   paramiko.transport.sftp: [chan 0] open(b'./Browser/data/data.txt', 'wb') -> b'00000000'
DEB [20180104-22:58:45.612] thr=2   paramiko.transport.sftp: [chan 0] close(b'00000000')
DEB [20180104-22:58:45.820] thr=2   paramiko.transport.sftp: [chan 0] stat(b'./Browser/data/data.txt')
DEB [20180104-22:58:45.930] thr=2   paramiko.transport.sftp: [chan 0] open(b'./Browser/data/Js_design', 'wb')
DEB [20180104-22:58:46.047] thr=2   paramiko.transport.sftp: [chan 0] open(b'./Browser/data/Js_design', 'wb') -> b'00000000'
DEB [20180104-22:58:46.047] thr=2   paramiko.transport.sftp: [chan 0] close(b'00000000')
DEB [20180104-22:58:46.282] thr=2   paramiko.transport.sftp: [chan 0] stat(b'./Browser/data/Js_design')
DEB [20180104-22:58:46.400] thr=2   paramiko.transport.sftp: [chan 0] open(b'./Browser/data/mousetest', 'wb')
DEB [20180104-22:58:46.534] thr=2   paramiko.transport.sftp: [chan 0] open(b'./Browser/data/mousetest', 'wb') -> b'00000000'
DEB [20180104-22:58:46.535] thr=2   paramiko.transport.sftp: [chan 0] close(b'00000000')
DEB [20180104-22:58:46.779] thr=2   paramiko.transport.sftp: [chan 0] stat(b'./Browser/data/mousetest')
DEB [20180104-22:58:46.909] thr=2   paramiko.transport.sftp: [chan 0] open(b'./Browser/data/Package', 'wb')
DEB [20180104-22:58:47.041] thr=2   paramiko.transport.sftp: [chan 0] open(b'./Browser/data/Package', 'wb') -> b'00000000'
DEB [20180104-22:58:47.041] thr=2   paramiko.transport.sftp: [chan 0] close(b'00000000')
DEB [20180104-22:58:47.291] thr=2   paramiko.transport.sftp: [chan 0] stat(b'./Browser/data/Package')
DEB [20180104-22:58:47.410] thr=2   paramiko.transport.sftp: [chan 0] open(b'./Browser/data/test', 'wb')
DEB [20180104-22:58:47.534] thr=2   paramiko.transport.sftp: [chan 0] open(b'./Browser/data/test', 'wb') -> b'00000000'
DEB [20180104-22:58:47.535] thr=2   paramiko.transport.sftp: [chan 0] close(b'00000000')
DEB [20180104-22:58:47.813] thr=2   paramiko.transport.sftp: [chan 0] stat(b'./Browser/data/test')
DEB [20180104-22:58:47.957] thr=2   paramiko.transport.sftp: [chan 0] open(b'./Browser/data/\xe5\xbe\x8c\xe7\xab\xaf', 'wb')
DEB [20180104-22:58:48.103] thr=2   paramiko.transport.sftp: [chan 0] open(b'./Browser/data/\xe5\xbe\x8c\xe7\xab\xaf', 'wb') -> b'00000000'
DEB [20180104-22:58:48.103] thr=2   paramiko.transport.sftp: [chan 0] close(b'00000000')
DEB [20180104-22:58:48.365] thr=2   paramiko.transport.sftp: [chan 0] stat(b'./Browser/data/\xe5\xbe\x8c\xe7\xab\xaf')
DEB [20180104-22:58:48.491] thr=2   paramiko.transport.sftp: [chan 0] open(b'./Browser/data/\xe8\x8b\xb1\xe6\x96\x87\xe5\xa0\xb1\xe5\x91\x8a', 'wb')
DEB [20180104-22:58:48.619] thr=2   paramiko.transport.sftp: [chan 0] open(b'./Browser/data/\xe8\x8b\xb1\xe6\x96\x87\xe5\xa0\xb1\xe5\x91\x8a', 'wb') -> b'00000000'
DEB [20180104-22:58:48.620] thr=2   paramiko.transport.sftp: [chan 0] close(b'00000000')
DEB [20180104-22:58:48.891] thr=2   paramiko.transport.sftp: [chan 0] stat(b'./Browser/data/\xe8\x8b\xb1\xe6\x96\x87\xe5\xa0\xb1\xe5\x91\x8a')
DEB [20180104-22:58:49.033] thr=2   paramiko.transport.sftp: [chan 0] open(b'./Browser/data/\xe8\xac\x9b\xe5\xba\xa7', 'wb')
DEB [20180104-22:58:49.169] thr=2   paramiko.transport.sftp: [chan 0] open(b'./Browser/data/\xe8\xac\x9b\xe5\xba\xa7', 'wb') -> b'00000000'
DEB [20180104-22:58:49.170] thr=2   paramiko.transport.sftp: [chan 0] close(b'00000000')
DEB [20180104-22:58:49.402] thr=2   paramiko.transport.sftp: [chan 0] stat(b'./Browser/data/\xe8\xac\x9b\xe5\xba\xa7')
INF [20180104-22:58:49.513] thr=2   paramiko.transport.sftp: [chan 0] sftp session closed.
DEB [20180104-22:58:49.513] thr=2   paramiko.transport: [chan 0] EOF sent (0)
DEB [20180104-22:58:49.514] thr=11  paramiko.transport: EOF in transport thread
DEB [20180104-22:58:49.623] thr=12  paramiko.transport: [chan 0] EOF received (0)
DEB [20180104-23:14:59.298] thr=13  paramiko.transport: starting thread (client mode): 0xd3cecc50
DEB [20180104-23:14:59.299] thr=13  paramiko.transport: Local version/idstring: SSH-2.0-paramiko_2.3.1
DEB [20180104-23:14:59.424] thr=13  paramiko.transport: Remote version/idstring: SSH-2.0-OpenSSH_6.6.1p1 Ubuntu-2ubuntu2.8
INF [20180104-23:14:59.424] thr=13  paramiko.transport: Connected (version 2.0, client OpenSSH_6.6.1p1)
DEB [20180104-23:14:59.553] thr=13  paramiko.transport: kex algos:['curve25519-sha256@libssh.org', 'ecdh-sha2-nistp256', 'ecdh-sha2-nistp384', 'ecdh-sha2-nistp521', 'diffie-hellman-group-exchange-sha256', 'diffie-hellman-group-exchange-sha1', 'diffie-hellman-group14-sha1', 'diffie-hellman-group1-sha1'] server key:['ssh-rsa', 'ssh-dss', 'ecdsa-sha2-nistp256', 'ssh-ed25519'] client encrypt:['aes128-ctr', 'aes192-ctr', 'aes256-ctr', 'arcfour256', 'arcfour128', 'aes128-gcm@openssh.com', 'aes256-gcm@openssh.com', 'chacha20-poly1305@openssh.com', 'aes128-cbc', '3des-cbc', 'blowfish-cbc', 'cast128-cbc', 'aes192-cbc', 'aes256-cbc', 'arcfour', 'rijndael-cbc@lysator.liu.se'] server encrypt:['aes128-ctr', 'aes192-ctr', 'aes256-ctr', 'arcfour256', 'arcfour128', 'aes128-gcm@openssh.com', 'aes256-gcm@openssh.com', 'chacha20-poly1305@openssh.com', 'aes128-cbc', '3des-cbc', 'blowfish-cbc', 'cast128-cbc', 'aes192-cbc', 'aes256-cbc', 'arcfour', 'rijndael-cbc@lysator.liu.se'] client mac:['hmac-md5-etm@openssh.com', 'hmac-sha1-etm@openssh.com', 'umac-64-etm@openssh.com', 'umac-128-etm@openssh.com', 'hmac-sha2-256-etm@openssh.com', 'hmac-sha2-512-etm@openssh.com', 'hmac-ripemd160-etm@openssh.com', 'hmac-sha1-96-etm@openssh.com', 'hmac-md5-96-etm@openssh.com', 'hmac-md5', 'hmac-sha1', 'umac-64@openssh.com', 'umac-128@openssh.com', 'hmac-sha2-256', 'hmac-sha2-512', 'hmac-ripemd160', 'hmac-ripemd160@openssh.com', 'hmac-sha1-96', 'hmac-md5-96'] server mac:['hmac-md5-etm@openssh.com', 'hmac-sha1-etm@openssh.com', 'umac-64-etm@openssh.com', 'umac-128-etm@openssh.com', 'hmac-sha2-256-etm@openssh.com', 'hmac-sha2-512-etm@openssh.com', 'hmac-ripemd160-etm@openssh.com', 'hmac-sha1-96-etm@openssh.com', 'hmac-md5-96-etm@openssh.com', 'hmac-md5', 'hmac-sha1', 'umac-64@openssh.com', 'umac-128@openssh.com', 'hmac-sha2-256', 'hmac-sha2-512', 'hmac-ripemd160', 'hmac-ripemd160@openssh.com', 'hmac-sha1-96', 'hmac-md5-96'] client compress:['none', 'zlib@openssh.com'] server compress:['none', 'zlib@openssh.com'] client lang:[''] server lang:[''] kex follows?False
DEB [20180104-23:14:59.554] thr=13  paramiko.transport: Kex agreed: ecdh-sha2-nistp256
DEB [20180104-23:14:59.554] thr=13  paramiko.transport: HostKey agreed: ssh-ed25519
DEB [20180104-23:14:59.554] thr=13  paramiko.transport: Cipher agreed: aes128-ctr
DEB [20180104-23:14:59.554] thr=13  paramiko.transport: MAC agreed: hmac-sha2-256
DEB [20180104-23:14:59.554] thr=13  paramiko.transport: Compression agreed: none
DEB [20180104-23:14:59.731] thr=13  paramiko.transport: kex engine KexNistp256 specified hash_algo <built-in function openssl_sha256>
DEB [20180104-23:14:59.732] thr=13  paramiko.transport: Switch to new keys ...
DEB [20180104-23:14:59.733] thr=2   paramiko.transport: Adding ssh-ed25519 host key for ec2-13-112-192-203.ap-northeast-1.compute.amazonaws.com: b'6d24fb9a77e46e9a80d6a4c4726ac177'
DEB [20180104-23:14:59.733] thr=2   paramiko.transport: Trying SSH key b'6d8cadf34f0022ac4d51a9d631ded228'
DEB [20180104-23:15:00.050] thr=13  paramiko.transport: userauth is OK
INF [20180104-23:15:00.540] thr=13  paramiko.transport: Authentication (publickey) successful!
DEB [20180104-23:15:00.674] thr=14  paramiko.transport: starting thread (client mode): 0xd3cf1c50
DEB [20180104-23:15:00.674] thr=14  paramiko.transport: Local version/idstring: SSH-2.0-paramiko_2.3.1
DEB [20180104-23:15:00.809] thr=14  paramiko.transport: Remote version/idstring: SSH-2.0-OpenSSH_6.6.1p1 Ubuntu-2ubuntu2.8
INF [20180104-23:15:00.809] thr=14  paramiko.transport: Connected (version 2.0, client OpenSSH_6.6.1p1)
DEB [20180104-23:15:00.934] thr=14  paramiko.transport: kex algos:['curve25519-sha256@libssh.org', 'ecdh-sha2-nistp256', 'ecdh-sha2-nistp384', 'ecdh-sha2-nistp521', 'diffie-hellman-group-exchange-sha256', 'diffie-hellman-group-exchange-sha1', 'diffie-hellman-group14-sha1', 'diffie-hellman-group1-sha1'] server key:['ssh-rsa', 'ssh-dss', 'ecdsa-sha2-nistp256', 'ssh-ed25519'] client encrypt:['aes128-ctr', 'aes192-ctr', 'aes256-ctr', 'arcfour256', 'arcfour128', 'aes128-gcm@openssh.com', 'aes256-gcm@openssh.com', 'chacha20-poly1305@openssh.com', 'aes128-cbc', '3des-cbc', 'blowfish-cbc', 'cast128-cbc', 'aes192-cbc', 'aes256-cbc', 'arcfour', 'rijndael-cbc@lysator.liu.se'] server encrypt:['aes128-ctr', 'aes192-ctr', 'aes256-ctr', 'arcfour256', 'arcfour128', 'aes128-gcm@openssh.com', 'aes256-gcm@openssh.com', 'chacha20-poly1305@openssh.com', 'aes128-cbc', '3des-cbc', 'blowfish-cbc', 'cast128-cbc', 'aes192-cbc', 'aes256-cbc', 'arcfour', 'rijndael-cbc@lysator.liu.se'] client mac:['hmac-md5-etm@openssh.com', 'hmac-sha1-etm@openssh.com', 'umac-64-etm@openssh.com', 'umac-128-etm@openssh.com', 'hmac-sha2-256-etm@openssh.com', 'hmac-sha2-512-etm@openssh.com', 'hmac-ripemd160-etm@openssh.com', 'hmac-sha1-96-etm@openssh.com', 'hmac-md5-96-etm@openssh.com', 'hmac-md5', 'hmac-sha1', 'umac-64@openssh.com', 'umac-128@openssh.com', 'hmac-sha2-256', 'hmac-sha2-512', 'hmac-ripemd160', 'hmac-ripemd160@openssh.com', 'hmac-sha1-96', 'hmac-md5-96'] server mac:['hmac-md5-etm@openssh.com', 'hmac-sha1-etm@openssh.com', 'umac-64-etm@openssh.com', 'umac-128-etm@openssh.com', 'hmac-sha2-256-etm@openssh.com', 'hmac-sha2-512-etm@openssh.com', 'hmac-ripemd160-etm@openssh.com', 'hmac-sha1-96-etm@openssh.com', 'hmac-md5-96-etm@openssh.com', 'hmac-md5', 'hmac-sha1', 'umac-64@openssh.com', 'umac-128@openssh.com', 'hmac-sha2-256', 'hmac-sha2-512', 'hmac-ripemd160', 'hmac-ripemd160@openssh.com', 'hmac-sha1-96', 'hmac-md5-96'] client compress:['none', 'zlib@openssh.com'] server compress:['none', 'zlib@openssh.com'] client lang:[''] server lang:[''] kex follows?False
DEB [20180104-23:15:00.934] thr=14  paramiko.transport: Kex agreed: ecdh-sha2-nistp256
DEB [20180104-23:15:00.935] thr=14  paramiko.transport: HostKey agreed: ssh-ed25519
DEB [20180104-23:15:00.935] thr=14  paramiko.transport: Cipher agreed: aes128-ctr
DEB [20180104-23:15:00.935] thr=14  paramiko.transport: MAC agreed: hmac-sha2-256
DEB [20180104-23:15:00.935] thr=14  paramiko.transport: Compression agreed: none
DEB [20180104-23:15:01.059] thr=14  paramiko.transport: kex engine KexNistp256 specified hash_algo <built-in function openssl_sha256>
DEB [20180104-23:15:01.059] thr=14  paramiko.transport: Switch to new keys ...
DEB [20180104-23:15:01.059] thr=2   paramiko.transport: Attempting public-key auth...
DEB [20180104-23:15:01.333] thr=14  paramiko.transport: userauth is OK
INF [20180104-23:15:01.482] thr=14  paramiko.transport: Authentication (publickey) successful!
DEB [20180104-23:15:01.483] thr=2   paramiko.transport: [chan 0] Max packet in: 32768 bytes
DEB [20180104-23:15:01.710] thr=14  paramiko.transport: [chan 0] Max packet out: 32768 bytes
DEB [20180104-23:15:01.710] thr=14  paramiko.transport: Secsh channel 0 opened.
DEB [20180104-23:15:01.825] thr=14  paramiko.transport: [chan 0] Sesch channel 0 request ok
INF [20180104-23:15:01.935] thr=2   paramiko.transport.sftp: [chan 0] Opened sftp connection (server version 3)
DEB [20180104-23:15:01.935] thr=2   paramiko.transport.sftp: [chan 0] listdir(b'./Browser/data')
DEB [20180104-23:15:02.414] thr=2   paramiko.transport.sftp: [chan 0] remove(b'./Browser/data/mousetest')
DEB [20180104-23:15:02.530] thr=2   paramiko.transport.sftp: [chan 0] remove(b'./Browser/data/\xe8\xac\x9b\xe5\xba\xa7')
DEB [20180104-23:15:02.650] thr=2   paramiko.transport.sftp: [chan 0] remove(b'./Browser/data/C_language')
DEB [20180104-23:15:02.768] thr=2   paramiko.transport.sftp: [chan 0] remove(b'./Browser/data/Js_design')
DEB [20180104-23:15:02.894] thr=2   paramiko.transport.sftp: [chan 0] remove(b'./Browser/data/\xe8\x8b\xb1\xe6\x96\x87\xe5\xa0\xb1\xe5\x91\x8a')
DEB [20180104-23:15:03.034] thr=2   paramiko.transport.sftp: [chan 0] remove(b'./Browser/data/C')
DEB [20180104-23:15:03.175] thr=2   paramiko.transport.sftp: [chan 0] remove(b'./Browser/data/data.txt')
DEB [20180104-23:15:03.308] thr=2   paramiko.transport.sftp: [chan 0] remove(b'./Browser/data/\xe5\xbe\x8c\xe7\xab\xaf')
DEB [20180104-23:15:03.436] thr=2   paramiko.transport.sftp: [chan 0] remove(b'./Browser/data/test')
DEB [20180104-23:15:03.556] thr=2   paramiko.transport.sftp: [chan 0] remove(b'./Browser/data/Package')
DEB [20180104-23:15:03.693] thr=2   paramiko.transport.sftp: [chan 0] open(b'./Browser/data/C', 'wb')
DEB [20180104-23:15:03.824] thr=2   paramiko.transport.sftp: [chan 0] open(b'./Browser/data/C', 'wb') -> b'00000000'
DEB [20180104-23:15:03.825] thr=2   paramiko.transport.sftp: [chan 0] close(b'00000000')
DEB [20180104-23:15:04.090] thr=2   paramiko.transport.sftp: [chan 0] stat(b'./Browser/data/C')
DEB [20180104-23:15:04.549] thr=2   paramiko.transport.sftp: [chan 0] open(b'./Browser/data/C_language', 'wb')
DEB [20180104-23:15:04.671] thr=2   paramiko.transport.sftp: [chan 0] open(b'./Browser/data/C_language', 'wb') -> b'00000000'
DEB [20180104-23:15:04.671] thr=2   paramiko.transport.sftp: [chan 0] close(b'00000000')
DEB [20180104-23:15:04.914] thr=2   paramiko.transport.sftp: [chan 0] stat(b'./Browser/data/C_language')
DEB [20180104-23:15:05.032] thr=2   paramiko.transport.sftp: [chan 0] open(b'./Browser/data/data.txt', 'wb')
DEB [20180104-23:15:05.150] thr=2   paramiko.transport.sftp: [chan 0] open(b'./Browser/data/data.txt', 'wb') -> b'00000000'
DEB [20180104-23:15:05.151] thr=2   paramiko.transport.sftp: [chan 0] close(b'00000000')
DEB [20180104-23:15:05.395] thr=2   paramiko.transport.sftp: [chan 0] stat(b'./Browser/data/data.txt')
DEB [20180104-23:15:05.530] thr=2   paramiko.transport.sftp: [chan 0] open(b'./Browser/data/Js_design', 'wb')
DEB [20180104-23:15:05.667] thr=2   paramiko.transport.sftp: [chan 0] open(b'./Browser/data/Js_design', 'wb') -> b'00000000'
DEB [20180104-23:15:05.667] thr=2   paramiko.transport.sftp: [chan 0] close(b'00000000')
DEB [20180104-23:15:05.948] thr=2   paramiko.transport.sftp: [chan 0] stat(b'./Browser/data/Js_design')
DEB [20180104-23:15:06.087] thr=2   paramiko.transport.sftp: [chan 0] open(b'./Browser/data/mousetest', 'wb')
DEB [20180104-23:15:06.226] thr=2   paramiko.transport.sftp: [chan 0] open(b'./Browser/data/mousetest', 'wb') -> b'00000000'
DEB [20180104-23:15:06.226] thr=2   paramiko.transport.sftp: [chan 0] close(b'00000000')
DEB [20180104-23:15:06.518] thr=2   paramiko.transport.sftp: [chan 0] stat(b'./Browser/data/mousetest')
DEB [20180104-23:15:06.647] thr=2   paramiko.transport.sftp: [chan 0] open(b'./Browser/data/Package', 'wb')
DEB [20180104-23:15:06.772] thr=2   paramiko.transport.sftp: [chan 0] open(b'./Browser/data/Package', 'wb') -> b'00000000'
DEB [20180104-23:15:06.772] thr=2   paramiko.transport.sftp: [chan 0] close(b'00000000')
DEB [20180104-23:15:07.003] thr=2   paramiko.transport.sftp: [chan 0] stat(b'./Browser/data/Package')
DEB [20180104-23:15:07.137] thr=2   paramiko.transport.sftp: [chan 0] open(b'./Browser/data/test', 'wb')
DEB [20180104-23:15:07.282] thr=2   paramiko.transport.sftp: [chan 0] open(b'./Browser/data/test', 'wb') -> b'00000000'
DEB [20180104-23:15:07.282] thr=2   paramiko.transport.sftp: [chan 0] close(b'00000000')
DEB [20180104-23:15:07.566] thr=2   paramiko.transport.sftp: [chan 0] stat(b'./Browser/data/test')
DEB [20180104-23:15:07.699] thr=2   paramiko.transport.sftp: [chan 0] open(b'./Browser/data/\xe5\xbe\x8c\xe7\xab\xaf', 'wb')
DEB [20180104-23:15:07.831] thr=2   paramiko.transport.sftp: [chan 0] open(b'./Browser/data/\xe5\xbe\x8c\xe7\xab\xaf', 'wb') -> b'00000000'
DEB [20180104-23:15:07.831] thr=2   paramiko.transport.sftp: [chan 0] close(b'00000000')
DEB [20180104-23:15:08.099] thr=2   paramiko.transport.sftp: [chan 0] stat(b'./Browser/data/\xe5\xbe\x8c\xe7\xab\xaf')
DEB [20180104-23:15:08.216] thr=2   paramiko.transport.sftp: [chan 0] open(b'./Browser/data/\xe8\x8b\xb1\xe6\x96\x87\xe5\xa0\xb1\xe5\x91\x8a', 'wb')
DEB [20180104-23:15:08.342] thr=2   paramiko.transport.sftp: [chan 0] open(b'./Browser/data/\xe8\x8b\xb1\xe6\x96\x87\xe5\xa0\xb1\xe5\x91\x8a', 'wb') -> b'00000000'
DEB [20180104-23:15:08.343] thr=2   paramiko.transport.sftp: [chan 0] close(b'00000000')
DEB [20180104-23:15:08.578] thr=2   paramiko.transport.sftp: [chan 0] stat(b'./Browser/data/\xe8\x8b\xb1\xe6\x96\x87\xe5\xa0\xb1\xe5\x91\x8a')
DEB [20180104-23:15:08.685] thr=2   paramiko.transport.sftp: [chan 0] open(b'./Browser/data/\xe8\xac\x9b\xe5\xba\xa7', 'wb')
DEB [20180104-23:15:08.794] thr=2   paramiko.transport.sftp: [chan 0] open(b'./Browser/data/\xe8\xac\x9b\xe5\xba\xa7', 'wb') -> b'00000000'
DEB [20180104-23:15:08.794] thr=2   paramiko.transport.sftp: [chan 0] close(b'00000000')
DEB [20180104-23:15:08.991] thr=2   paramiko.transport.sftp: [chan 0] stat(b'./Browser/data/\xe8\xac\x9b\xe5\xba\xa7')
INF [20180104-23:15:09.099] thr=2   paramiko.transport.sftp: [chan 0] sftp session closed.
DEB [20180104-23:15:09.099] thr=2   paramiko.transport: [chan 0] EOF sent (0)
DEB [20180104-23:15:09.100] thr=13  paramiko.transport: EOF in transport thread
DEB [20180104-23:15:09.209] thr=14  paramiko.transport: [chan 0] EOF received (0)
ERR [20180105-09:43:04.046] thr=7   paramiko.transport: Socket exception: Dwj@{ssuC (10054)
ERR [20180105-09:43:06.150] thr=4   paramiko.transport: Socket exception: Dwj@{ssuC (10054)
ERR [20180105-09:43:06.150] thr=10  paramiko.transport: Socket exception: Dwj@{ssuC (10054)
ERR [20180105-09:43:06.151] thr=14  paramiko.transport: Socket exception: Dwj@{ssuC (10054)
ERR [20180105-09:43:06.151] thr=12  paramiko.transport: Socket exception: Dwj@{ssuC (10054)
